#
# A fatal error has been detected by the Java Runtime Environment:
#
#  EXCEPTION_ACCESS_VIOLATION (0xc0000005) at pc=0x00007ff80a865301, pid=5052, tid=0x00000000000052e4
#
# JRE version: Java(TM) SE Runtime Environment (8.0_181-b13) (build 1.8.0_181-b13)
# Java VM: Java HotSpot(TM) 64-Bit Server VM (25.181-b13 mixed mode windows-amd64 compressed oops)
# Problematic frame:
# C  [ntdll.dll+0x45301]
#
# Failed to write core dump. Minidumps are not enabled by default on client versions of Windows
#
# If you would like to submit a bug report, please visit:
#   http://bugreport.java.com/bugreport/crash.jsp
# The crash happened outside the Java Virtual Machine in native code.
# See problematic frame for where to report the bug.
#

---------------  T H R E A D  ---------------

Current thread (0x0000000019918800):  JavaThread "LWJGL Application" [_thread_in_native, id=21220, stack(0x000000001a580000,0x000000001a680000)]

siginfo: ExceptionCode=0xc0000005, reading address 0xffffffffffffffff

Registers:
RAX=0x3ec40000fe0000ff, RBX=0x000000001948a110, RCX=0x0000000000100000, RDX=0x000000000000006e
RSP=0x000000001a67e5b0, RBP=0x0000000019440000, RSI=0x00000000005e0000, RDI=0x0000000000000005
R8 =0x000000001945d220, R9 =0x0000000000000000, R10=0x0000000000002ef0, R11=0x000000001a67e5f0
R12=0x0000000000001389, R13=0x0000000000001389, R14=0x000000001948a120, R15=0x0000000000001389
RIP=0x00007ff80a865301, EFLAGS=0x0000000000010287

Top of Stack: (sp=0x000000001a67e5b0)
0x000000001a67e5b0:   000000001948a110 00000000005e0000
0x000000001a67e5c0:   000000001a67e700 00000000029308da
0x000000001a67e5d0:   0000000000000000 00000000029308da
0x000000001a67e5e0:   0000000015400a44 000000006e001678
0x000000001a67e5f0:   0000000000000000 000000001948a110
0x000000001a67e600:   0000000000000000 0000000000000000
0x000000001a67e610:   0000000000001389 00007ff80a864c29
0x000000001a67e620:   00000000005e0000 000000001a67e689
0x000000001a67e630:   000000001948a101 000000001948a110
0x000000001a67e640:   0000000000000000 0000000080000000
0x000000001a67e650:   0000000000000000 00000000c2c80000
0x000000001a67e660:   0000000000000000 000000004379ffff
0x000000001a67e670:   0000000000000000 0000000000000000
0x000000001a67e680:   0000000000000000 000000004378bfff
0x000000001a67e690:   0000000000000000 0000000000000000
0x000000001a67e6a0:   0000000000000000 0000000000000000 

Instructions: (pc=0x00007ff80a865301)
0x00007ff80a8652e1:   41 0f b7 40 f8 eb 05 0f b7 44 24 38 0f b7 c0 4c
0x00007ff80a8652f1:   3b e8 0f 87 be 17 07 00 49 8b 40 08 4c 8d 73 10
0x00007ff80a865301:   48 8b 08 49 3b c8 0f 85 e4 00 00 00 4d 89 06 49
0x00007ff80a865311:   89 46 08 4c 89 30 4d 89 70 08 0f b7 43 08 48 01 


Register to memory mapping:

RAX=0x3ec40000fe0000ff is an unknown value
RBX=0x000000001948a110 is an unknown value
RCX=0x0000000000100000 is an unknown value
RDX=0x000000000000006e is an unknown value
RSP=0x000000001a67e5b0 is pointing into the stack for thread: 0x0000000019918800
RBP=0x0000000019440000 is an unknown value
RSI=0x00000000005e0000 is an unknown value
RDI=0x0000000000000005 is an unknown value
R8 =0x000000001945d220 is an unknown value
R9 =0x0000000000000000 is an unknown value
R10=0x0000000000002ef0 is an unknown value
R11=0x000000001a67e5f0 is pointing into the stack for thread: 0x0000000019918800
R12=0x0000000000001389 is an unknown value
R13=0x0000000000001389 is an unknown value
R14=0x000000001948a120 is an unknown value
R15=0x0000000000001389 is an unknown value


Stack: [0x000000001a580000,0x000000001a680000],  sp=0x000000001a67e5b0,  free space=1017k
Native frames: (J=compiled Java code, j=interpreted, Vv=VM code, C=native code)
C  [ntdll.dll+0x45301]
C  [ntdll.dll+0x44c29]
C  [ntdll.dll+0x41e43]
C  [ntdll.dll+0x407a0]
C  [ntdll.dll+0x3fba1]
C  [msvcrt.dll+0x19cfc]
C  0x0000000002948c67

Java frames: (J=compiled Java code, j=interpreted, Vv=VM code)
j  com.badlogic.gdx.utils.BufferUtils.freeMemory(Ljava/nio/ByteBuffer;)V+0
j  com.badlogic.gdx.utils.BufferUtils.disposeUnsafeByteBuffer(Ljava/nio/ByteBuffer;)V+51
j  com.badlogic.gdx.graphics.glutils.VertexArray.dispose()V+4
j  com.badlogic.gdx.graphics.Mesh.dispose()V+38
j  com.badlogic.gdx.graphics.g2d.SpriteBatch.dispose()V+4
j  com.badlogic.gdx.scenes.scene2d.Stage.dispose()V+15
j  com.mygdx.gragdx.screens.StartScreen.Dispose()V+4
j  com.mygdx.gragdx.screens.StartScreen.hide()V+1
j  com.badlogic.gdx.Game.setScreen(Lcom/badlogic/gdx/Screen;)V+11
j  com.mygdx.gragdx.screens.StartScreen$1.changed(Lcom/badlogic/gdx/scenes/scene2d/utils/ChangeListener$ChangeEvent;Lcom/badlogic/gdx/scenes/scene2d/Actor;)V+21
j  com.badlogic.gdx.scenes.scene2d.utils.ChangeListener.handle(Lcom/badlogic/gdx/scenes/scene2d/Event;)Z+18
J 784 C1 com.badlogic.gdx.scenes.scene2d.Actor.notify(Lcom/badlogic/gdx/scenes/scene2d/Event;Z)Z (236 bytes) @ 0x0000000002c53ff4 [0x0000000002c537c0+0x834]
j  com.badlogic.gdx.scenes.scene2d.Actor.fire(Lcom/badlogic/gdx/scenes/scene2d/Event;)Z+152
j  com.badlogic.gdx.scenes.scene2d.ui.Button.setChecked(ZZ)V+49
j  com.badlogic.gdx.scenes.scene2d.ui.Button$1.clicked(Lcom/badlogic/gdx/scenes/scene2d/InputEvent;FF)V+31
j  com.badlogic.gdx.scenes.scene2d.utils.ClickListener.touchUp(Lcom/badlogic/gdx/scenes/scene2d/InputEvent;FFII)V+108
j  com.badlogic.gdx.scenes.scene2d.InputListener.handle(Lcom/badlogic/gdx/scenes/scene2d/Event;)Z+196
j  com.badlogic.gdx.scenes.scene2d.Stage.touchUp(IIII)Z+213
J 1193 C1 com.badlogic.gdx.backends.lwjgl.LwjglInput.processEvents()V (478 bytes) @ 0x0000000002da50ac [0x0000000002da4320+0xd8c]
j  com.badlogic.gdx.backends.lwjgl.LwjglApplication.mainLoop()V+661
j  com.badlogic.gdx.backends.lwjgl.LwjglApplication$1.run()V+27
v  ~StubRoutines::call_stub

---------------  P R O C E S S  ---------------

Java Threads: ( => current thread )
  0x0000000019d2b800 JavaThread "LWJGL Timer" daemon [_thread_blocked, id=21884, stack(0x00000000228e0000,0x00000000229e0000)]
  0x0000000019c40000 JavaThread "AssetManager" daemon [_thread_blocked, id=2128, stack(0x00000000227d0000,0x00000000228d0000)]
  0x0000000002833800 JavaThread "DestroyJavaVM" [_thread_blocked, id=8752, stack(0x0000000002730000,0x0000000002830000)]
=>0x0000000019918800 JavaThread "LWJGL Application" [_thread_in_native, id=21220, stack(0x000000001a580000,0x000000001a680000)]
  0x000000001752e800 JavaThread "Service Thread" daemon [_thread_blocked, id=9704, stack(0x0000000019240000,0x0000000019340000)]
  0x00000000174e6800 JavaThread "C1 CompilerThread2" daemon [_thread_blocked, id=8496, stack(0x0000000018d40000,0x0000000018e40000)]
  0x00000000174dd800 JavaThread "C2 CompilerThread1" daemon [_thread_blocked, id=14452, stack(0x0000000018c40000,0x0000000018d40000)]
  0x00000000174db800 JavaThread "C2 CompilerThread0" daemon [_thread_blocked, id=2500, stack(0x0000000018b40000,0x0000000018c40000)]
  0x00000000174d9000 JavaThread "Attach Listener" daemon [_thread_blocked, id=14988, stack(0x0000000018a40000,0x0000000018b40000)]
  0x00000000174d7800 JavaThread "Signal Dispatcher" daemon [_thread_blocked, id=19548, stack(0x0000000018940000,0x0000000018a40000)]
  0x000000000292c800 JavaThread "Finalizer" daemon [_thread_blocked, id=14900, stack(0x0000000018730000,0x0000000018830000)]
  0x0000000017499000 JavaThread "Reference Handler" daemon [_thread_blocked, id=22416, stack(0x0000000018630000,0x0000000018730000)]

Other Threads:
  0x0000000017498000 VMThread [stack: 0x0000000018530000,0x0000000018630000] [id=23312]
  0x0000000018e6d800 WatcherThread [stack: 0x0000000019340000,0x0000000019440000] [id=10944]

VM state:not at safepoint (normal execution)

VM Mutex/Monitor currently owned by a thread: None

Heap:
 PSYoungGen      total 38400K, used 23736K [0x00000000d5a00000, 0x00000000d8480000, 0x0000000100000000)
  eden space 33280K, 56% used [0x00000000d5a00000,0x00000000d6c344e8,0x00000000d7a80000)
  from space 5120K, 99% used [0x00000000d7f80000,0x00000000d8479bf8,0x00000000d8480000)
  to   space 5120K, 0% used [0x00000000d7a80000,0x00000000d7a80000,0x00000000d7f80000)
 ParOldGen       total 87552K, used 5018K [0x0000000080e00000, 0x0000000086380000, 0x00000000d5a00000)
  object space 87552K, 5% used [0x0000000080e00000,0x00000000812e6b68,0x0000000086380000)
 Metaspace       used 10511K, capacity 10643K, committed 10880K, reserved 1058816K
  class space    used 1056K, capacity 1104K, committed 1152K, reserved 1048576K

Card table byte_map: [0x0000000011cf0000,0x00000000120f0000] byte_map_base: 0x00000000118e9000

Marking Bits: (ParMarkBitMap*) 0x0000000057f12d00
 Begin Bits: [0x00000000127a0000, 0x0000000014768000)
 End Bits:   [0x0000000014768000, 0x0000000016730000)

Polling page: 0x0000000002460000

CodeCache: size=245760Kb used=4595Kb max_used=4606Kb free=241164Kb
 bounds [0x0000000002930000, 0x0000000002dc0000, 0x0000000011930000]
 total_blobs=1700 nmethods=1220 adapters=393
 compilation: enabled

Compilation events (10 events):
Event: 11.451 Thread 0x00000000174e6800 1216       3       com.badlogic.gdx.scenes.scene2d.Actor::getScaleY (5 bytes)
Event: 11.451 Thread 0x00000000174e6800 nmethod 1216 0x0000000002db0d10 code [0x0000000002db0e60, 0x0000000002db0fb0]
Event: 11.451 Thread 0x00000000174e6800 1217       3       com.badlogic.gdx.scenes.scene2d.Actor::getRotation (5 bytes)
Event: 11.451 Thread 0x00000000174e6800 nmethod 1217 0x0000000002d9eed0 code [0x0000000002d9f020, 0x0000000002d9f170]
Event: 11.483 Thread 0x00000000174dd800 1218       4       com.badlogic.gdx.utils.ObjectMap::get (77 bytes)
Event: 11.487 Thread 0x00000000174dd800 nmethod 1218 0x0000000002da8b10 code [0x0000000002da8ca0, 0x0000000002da9238]
Event: 11.550 Thread 0x00000000174e6800 1219       3       java.nio.Bits::makeInt (29 bytes)
Event: 11.550 Thread 0x00000000174e6800 nmethod 1219 0x0000000002da87d0 code [0x0000000002da8920, 0x0000000002da8a70]
Event: 11.600 Thread 0x00000000174e6800 1220       1       com.badlogic.gdx.scenes.scene2d.Event::getBubbles (5 bytes)
Event: 11.600 Thread 0x00000000174e6800 nmethod 1220 0x0000000002d9ec10 code [0x0000000002d9ed60, 0x0000000002d9ee70]

GC Heap History (4 events):
Event: 4.202 GC heap before
{Heap before GC invocations=1 (full 0):
 PSYoungGen      total 38400K, used 33280K [0x00000000d5a00000, 0x00000000d8480000, 0x0000000100000000)
  eden space 33280K, 100% used [0x00000000d5a00000,0x00000000d7a80000,0x00000000d7a80000)
  from space 5120K, 0% used [0x00000000d7f80000,0x00000000d7f80000,0x00000000d8480000)
  to   space 5120K, 0% used [0x00000000d7a80000,0x00000000d7a80000,0x00000000d7f80000)
 ParOldGen       total 87552K, used 0K [0x0000000080e00000, 0x0000000086380000, 0x00000000d5a00000)
  object space 87552K, 0% used [0x0000000080e00000,0x0000000080e00000,0x0000000086380000)
 Metaspace       used 10269K, capacity 10387K, committed 10624K, reserved 1058816K
  class space    used 1050K, capacity 1104K, committed 1152K, reserved 1048576K
Event: 4.206 GC heap after
Heap after GC invocations=1 (full 0):
 PSYoungGen      total 38400K, used 5116K [0x00000000d5a00000, 0x00000000d8480000, 0x0000000100000000)
  eden space 33280K, 0% used [0x00000000d5a00000,0x00000000d5a00000,0x00000000d7a80000)
  from space 5120K, 99% used [0x00000000d7a80000,0x00000000d7f7f010,0x00000000d7f80000)
  to   space 5120K, 0% used [0x00000000d7f80000,0x00000000d7f80000,0x00000000d8480000)
 ParOldGen       total 87552K, used 1981K [0x0000000080e00000, 0x0000000086380000, 0x00000000d5a00000)
  object space 87552K, 2% used [0x0000000080e00000,0x0000000080fef728,0x0000000086380000)
 Metaspace       used 10269K, capacity 10387K, committed 10624K, reserved 1058816K
  class space    used 1050K, capacity 1104K, committed 1152K, reserved 1048576K
}
Event: 6.605 GC heap before
{Heap before GC invocations=2 (full 0):
 PSYoungGen      total 38400K, used 38396K [0x00000000d5a00000, 0x00000000d8480000, 0x0000000100000000)
  eden space 33280K, 100% used [0x00000000d5a00000,0x00000000d7a80000,0x00000000d7a80000)
  from space 5120K, 99% used [0x00000000d7a80000,0x00000000d7f7f010,0x00000000d7f80000)
  to   space 5120K, 0% used [0x00000000d7f80000,0x00000000d7f80000,0x00000000d8480000)
 ParOldGen       total 87552K, used 1981K [0x0000000080e00000, 0x0000000086380000, 0x00000000d5a00000)
  object space 87552K, 2% used [0x0000000080e00000,0x0000000080fef728,0x0000000086380000)
 Metaspace       used 10426K, capacity 10515K, committed 10624K, reserved 1058816K
  class space    used 1055K, capacity 1104K, committed 1152K, reserved 1048576K
Event: 6.610 GC heap after
Heap after GC invocations=2 (full 0):
 PSYoungGen      total 38400K, used 5094K [0x00000000d5a00000, 0x00000000d8480000, 0x0000000100000000)
  eden space 33280K, 0% used [0x00000000d5a00000,0x00000000d5a00000,0x00000000d7a80000)
  from space 5120K, 99% used [0x00000000d7f80000,0x00000000d8479bf8,0x00000000d8480000)
  to   space 5120K, 0% used [0x00000000d7a80000,0x00000000d7a80000,0x00000000d7f80000)
 ParOldGen       total 87552K, used 5018K [0x0000000080e00000, 0x0000000086380000, 0x00000000d5a00000)
  object space 87552K, 5% used [0x0000000080e00000,0x00000000812e6b68,0x0000000086380000)
 Metaspace       used 10426K, capacity 10515K, committed 10624K, reserved 1058816K
  class space    used 1055K, capacity 1104K, committed 1152K, reserved 1048576K
}

Deoptimization events (10 events):
Event: 7.221 Thread 0x0000000019918800 Uncommon trap: reason=unstable_if action=reinterpret pc=0x0000000002cc9a74 method=com.badlogic.gdx.math.Rectangle.overlaps(Lcom/badlogic/gdx/math/Rectangle;)Z @ 65
Event: 7.221 Thread 0x0000000019918800 Uncommon trap: reason=unstable_if action=reinterpret pc=0x0000000002d15af8 method=com.badlogic.gdx.math.Rectangle.overlaps(Lcom/badlogic/gdx/math/Rectangle;)Z @ 65
Event: 7.534 Thread 0x0000000019918800 Uncommon trap: reason=unstable_if action=reinterpret pc=0x0000000002d5ed8c method=com.badlogic.gdx.math.Rectangle.overlaps(Lcom/badlogic/gdx/math/Rectangle;)Z @ 14
Event: 7.534 Thread 0x0000000019918800 Uncommon trap: reason=unstable_if action=reinterpret pc=0x0000000002d54078 method=com.badlogic.gdx.math.Rectangle.overlaps(Lcom/badlogic/gdx/math/Rectangle;)Z @ 14
Event: 7.534 Thread 0x0000000019918800 Uncommon trap: reason=unstable_if action=reinterpret pc=0x0000000002d5cb7c method=com.badlogic.gdx.math.Rectangle.overlaps(Lcom/badlogic/gdx/math/Rectangle;)Z @ 14
Event: 10.892 Thread 0x0000000019918800 Uncommon trap: reason=array_check action=maybe_recompile pc=0x0000000002ca1c8c method=com.badlogic.gdx.utils.Array.add(Ljava/lang/Object;)V @ 46
Event: 10.892 Thread 0x0000000019918800 Uncommon trap: reason=array_check action=maybe_recompile pc=0x0000000002ca1c8c method=com.badlogic.gdx.utils.Array.add(Ljava/lang/Object;)V @ 46
Event: 10.892 Thread 0x0000000019918800 Uncommon trap: reason=array_check action=maybe_recompile pc=0x0000000002ca1c8c method=com.badlogic.gdx.utils.Array.add(Ljava/lang/Object;)V @ 46
Event: 10.892 Thread 0x0000000019918800 Uncommon trap: reason=array_check action=maybe_recompile pc=0x0000000002ca1c8c method=com.badlogic.gdx.utils.Array.add(Ljava/lang/Object;)V @ 46
Event: 10.897 Thread 0x0000000019918800 Uncommon trap: reason=unstable_if action=reinterpret pc=0x0000000002cc5674 method=java.lang.Math.round(F)I @ 23

Classes redefined (0 events):
No events

Internal exceptions (10 events):
Event: 0.390 Thread 0x0000000002833800 Exception <a 'java/security/PrivilegedActionException'> (0x00000000d5ceefc8) thrown at [C:\re\workspace\8-2-build-windows-amd64-cygwin\jdk8u181\11358\hotspot\src\share\vm\prims\jvm.cpp, line 1435]
Event: 0.748 Thread 0x0000000002833800 Exception <a 'java/security/PrivilegedActionException'> (0x00000000d5ef4ee0) thrown at [C:\re\workspace\8-2-build-windows-amd64-cygwin\jdk8u181\11358\hotspot\src\share\vm\prims\jvm.cpp, line 1435]
Event: 0.748 Thread 0x0000000002833800 Exception <a 'java/security/PrivilegedActionException'> (0x00000000d5ef6bb8) thrown at [C:\re\workspace\8-2-build-windows-amd64-cygwin\jdk8u181\11358\hotspot\src\share\vm\prims\jvm.cpp, line 1435]
Event: 0.748 Thread 0x0000000002833800 Exception <a 'java/security/PrivilegedActionException'> (0x00000000d5ef7d28) thrown at [C:\re\workspace\8-2-build-windows-amd64-cygwin\jdk8u181\11358\hotspot\src\share\vm\prims\jvm.cpp, line 1435]
Event: 0.749 Thread 0x0000000002833800 Exception <a 'java/security/PrivilegedActionException'> (0x00000000d5efce90) thrown at [C:\re\workspace\8-2-build-windows-amd64-cygwin\jdk8u181\11358\hotspot\src\share\vm\prims\jvm.cpp, line 1435]
Event: 0.749 Thread 0x0000000002833800 Exception <a 'java/security/PrivilegedActionException'> (0x00000000d5efdae8) thrown at [C:\re\workspace\8-2-build-windows-amd64-cygwin\jdk8u181\11358\hotspot\src\share\vm\prims\jvm.cpp, line 1435]
Event: 0.749 Thread 0x0000000002833800 Exception <a 'java/security/PrivilegedActionException'> (0x00000000d5efe710) thrown at [C:\re\workspace\8-2-build-windows-amd64-cygwin\jdk8u181\11358\hotspot\src\share\vm\prims\jvm.cpp, line 1435]
Event: 1.450 Thread 0x0000000019918800 Exception <a 'java/lang/ArrayIndexOutOfBoundsException': 18> (0x00000000d6f23020) thrown at [C:\re\workspace\8-2-build-windows-amd64-cygwin\jdk8u181\11358\hotspot\src\share\vm\interpreter\interpreterRuntime.cpp, line 366]
Event: 1.450 Thread 0x0000000019918800 Exception <a 'java/lang/ArrayIndexOutOfBoundsException': 57> (0x00000000d6f23fe8) thrown at [C:\re\workspace\8-2-build-windows-amd64-cygwin\jdk8u181\11358\hotspot\src\share\vm\interpreter\interpreterRuntime.cpp, line 366]
Event: 1.450 Thread 0x0000000019918800 Exception <a 'java/lang/ArrayIndexOutOfBoundsException'> (0x00000000d6f26eb8) thrown at [C:\re\workspace\8-2-build-windows-amd64-cygwin\jdk8u181\11358\hotspot\src\share\vm\runtime\sharedRuntime.cpp, line 605]

Events (10 events):
Event: 10.892 Thread 0x0000000019918800 DEOPT UNPACKING pc=0x000000000297583b sp=0x000000001a67ed40 mode 2
Event: 10.892 Thread 0x0000000019918800 Uncommon trap: trap_request=0xffffffd6 fr.pc=0x0000000002ca1c8c
Event: 10.892 Thread 0x0000000019918800 DEOPT PACKING pc=0x0000000002ca1c8c sp=0x000000001a67edf0
Event: 10.892 Thread 0x0000000019918800 DEOPT UNPACKING pc=0x000000000297583b sp=0x000000001a67ed80 mode 2
Event: 10.892 Thread 0x0000000019918800 Uncommon trap: trap_request=0xffffffd6 fr.pc=0x0000000002ca1c8c
Event: 10.892 Thread 0x0000000019918800 DEOPT PACKING pc=0x0000000002ca1c8c sp=0x000000001a67ed30
Event: 10.892 Thread 0x0000000019918800 DEOPT UNPACKING pc=0x000000000297583b sp=0x000000001a67ecc0 mode 2
Event: 10.897 Thread 0x0000000019918800 Uncommon trap: trap_request=0xffffff65 fr.pc=0x0000000002cc5674
Event: 10.897 Thread 0x0000000019918800 DEOPT PACKING pc=0x0000000002cc5674 sp=0x000000001a67eb80
Event: 10.897 Thread 0x0000000019918800 DEOPT UNPACKING pc=0x000000000297583b sp=0x000000001a67eb08 mode 2


Dynamic libraries:
0x00007ff694b60000 - 0x00007ff694b97000 	C:\Program Files\Java\jdk1.8.0_181\bin\java.exe
0x00007ff80a820000 - 0x00007ff80aa10000 	C:\WINDOWS\SYSTEM32\ntdll.dll
0x00007ff8098e0000 - 0x00007ff809992000 	C:\WINDOWS\System32\KERNEL32.DLL
0x00007ff807e40000 - 0x00007ff8080e5000 	C:\WINDOWS\System32\KERNELBASE.dll
0x00007ff809c50000 - 0x00007ff809cf3000 	C:\WINDOWS\System32\ADVAPI32.dll
0x00007ff8099a0000 - 0x00007ff809a3e000 	C:\WINDOWS\System32\msvcrt.dll
0x00007ff8088d0000 - 0x00007ff808967000 	C:\WINDOWS\System32\sechost.dll
0x00007ff80a6b0000 - 0x00007ff80a7d0000 	C:\WINDOWS\System32\RPCRT4.dll
0x00007ff808be0000 - 0x00007ff808d74000 	C:\WINDOWS\System32\USER32.dll
0x00007ff8079b0000 - 0x00007ff8079d1000 	C:\WINDOWS\System32\win32u.dll
0x00007ff808970000 - 0x00007ff808996000 	C:\WINDOWS\System32\GDI32.dll
0x00007ff807ad0000 - 0x00007ff807c66000 	C:\WINDOWS\System32\gdi32full.dll
0x00007ff807c70000 - 0x00007ff807d0e000 	C:\WINDOWS\System32\msvcp_win.dll
0x00007ff807d40000 - 0x00007ff807e3a000 	C:\WINDOWS\System32\ucrtbase.dll
0x00007ffff2460000 - 0x00007ffff26e4000 	C:\WINDOWS\WinSxS\amd64_microsoft.windows.common-controls_6595b64144ccf1df_6.0.18362.1139_none_9e7bf2d3e4605ac6\COMCTL32.dll
0x00007ff80a2e0000 - 0x00007ff80a615000 	C:\WINDOWS\System32\combase.dll
0x00007ff8079e0000 - 0x00007ff807a60000 	C:\WINDOWS\System32\bcryptPrimitives.dll
0x00007ff80a680000 - 0x00007ff80a6ae000 	C:\WINDOWS\System32\IMM32.DLL
0x0000000058ae0000 - 0x0000000058bb2000 	C:\Program Files\Java\jdk1.8.0_181\jre\bin\msvcr100.dll
0x00000000576f0000 - 0x0000000057f92000 	C:\Program Files\Java\jdk1.8.0_181\jre\bin\server\jvm.dll
0x00007ff809040000 - 0x00007ff809048000 	C:\WINDOWS\System32\PSAPI.DLL
0x00007ff804900000 - 0x00007ff804924000 	C:\WINDOWS\SYSTEM32\WINMM.dll
0x00007fffdee80000 - 0x00007fffdee89000 	C:\WINDOWS\SYSTEM32\WSOCK32.dll
0x00007ff8097c0000 - 0x00007ff80982f000 	C:\WINDOWS\System32\WS2_32.dll
0x00007ff8048d0000 - 0x00007ff8048fd000 	C:\WINDOWS\SYSTEM32\WINMMBASE.dll
0x00007ff807a80000 - 0x00007ff807aca000 	C:\WINDOWS\System32\cfgmgr32.dll
0x00007fffff3b0000 - 0x00007fffff3ba000 	C:\WINDOWS\SYSTEM32\VERSION.dll
0x0000000059d20000 - 0x0000000059d2f000 	C:\Program Files\Java\jdk1.8.0_181\jre\bin\verify.dll
0x0000000059cf0000 - 0x0000000059d19000 	C:\Program Files\Java\jdk1.8.0_181\jre\bin\java.dll
0x0000000058ac0000 - 0x0000000058ad6000 	C:\Program Files\Java\jdk1.8.0_181\jre\bin\zip.dll
0x00007ff809050000 - 0x00007ff809737000 	C:\WINDOWS\System32\SHELL32.dll
0x00007ff809830000 - 0x00007ff8098d9000 	C:\WINDOWS\System32\shcore.dll
0x00007ff8080f0000 - 0x00007ff808870000 	C:\WINDOWS\System32\windows.storage.dll
0x00007ff807760000 - 0x00007ff807783000 	C:\WINDOWS\System32\profapi.dll
0x00007ff807710000 - 0x00007ff80775a000 	C:\WINDOWS\System32\powrprof.dll
0x00007ff8076e0000 - 0x00007ff8076f0000 	C:\WINDOWS\System32\UMPDC.dll
0x00007ff80a620000 - 0x00007ff80a672000 	C:\WINDOWS\System32\shlwapi.dll
0x00007ff8076f0000 - 0x00007ff807701000 	C:\WINDOWS\System32\kernel.appcore.dll
0x00007ff807a60000 - 0x00007ff807a77000 	C:\WINDOWS\System32\cryptsp.dll
0x0000000065ac0000 - 0x0000000065b0b000 	C:\Users\janst\AppData\Local\Temp\libgdxjanst\7d76f548\gdx64.dll
0x00007ff806aa0000 - 0x00007ff806ad3000 	C:\WINDOWS\system32\rsaenh.dll
0x00007ff807d10000 - 0x00007ff807d36000 	C:\WINDOWS\System32\bcrypt.dll
0x00007ff8075c0000 - 0x00007ff8075e5000 	C:\WINDOWS\SYSTEM32\USERENV.dll
0x00007ff807100000 - 0x00007ff80710c000 	C:\WINDOWS\SYSTEM32\CRYPTBASE.dll
0x0000000058aa0000 - 0x0000000058aba000 	C:\Program Files\Java\jdk1.8.0_181\jre\bin\net.dll
0x00007ff806f30000 - 0x00007ff806f97000 	C:\WINDOWS\system32\mswsock.dll
0x00007ff806c40000 - 0x00007ff806c7a000 	C:\WINDOWS\SYSTEM32\IPHLPAPI.DLL
0x00007ff80a7d0000 - 0x00007ff80a7d8000 	C:\WINDOWS\System32\NSI.dll
0x00007ffffb1c0000 - 0x00007ffffb1d6000 	C:\WINDOWS\SYSTEM32\dhcpcsvc6.DLL
0x00007ffffb180000 - 0x00007ffffb19c000 	C:\WINDOWS\SYSTEM32\dhcpcsvc.DLL
0x00007ff806c80000 - 0x00007ff806d4b000 	C:\WINDOWS\SYSTEM32\DNSAPI.dll
0x0000000058a80000 - 0x0000000058a91000 	C:\Program Files\Java\jdk1.8.0_181\jre\bin\nio.dll
0x0000000180000000 - 0x0000000180053000 	C:\Users\janst\AppData\Local\Temp\libgdxjanst\1cecf4f6\lwjgl64.dll
0x00007fffba900000 - 0x00007fffbaa56000 	C:\WINDOWS\SYSTEM32\OPENGL32.dll
0x00007fffc9580000 - 0x00007fffc95ac000 	C:\WINDOWS\SYSTEM32\GLU32.dll
0x00007ff806330000 - 0x00007ff806350000 	C:\WINDOWS\SYSTEM32\dxcore.dll
0x000000001a0c0000 - 0x000000001a124000 	C:\Users\janst\AppData\Local\Temp\libgdxjanst\1cecf4f6\OpenAL64.dll
0x00007ff808a20000 - 0x00007ff808b77000 	C:\WINDOWS\System32\ole32.dll
0x00007ff804b40000 - 0x00007ff804bd9000 	C:\WINDOWS\system32\uxtheme.dll
0x00007ff808e50000 - 0x00007ff808ef2000 	C:\WINDOWS\System32\clbcatq.dll
0x00007fffcc520000 - 0x00007fffcc5b9000 	C:\WINDOWS\SYSTEM32\dsound.dll
0x00007ffffdec0000 - 0x00007ffffdf32000 	C:\WINDOWS\System32\MMDevApi.dll
0x00007ff8074d0000 - 0x00007ff8074fa000 	C:\WINDOWS\System32\DEVOBJ.dll
0x00007ffffdce0000 - 0x00007ffffde3d000 	C:\WINDOWS\SYSTEM32\AUDIOSES.DLL
0x00007ff809d20000 - 0x00007ff809de5000 	C:\WINDOWS\System32\OLEAUT32.dll
0x00007ff802fe0000 - 0x00007ff803133000 	C:\WINDOWS\SYSTEM32\wintypes.dll
0x00007ff804f20000 - 0x00007ff804f34000 	C:\WINDOWS\SYSTEM32\resourcepolicyclient.dll
0x00007ff8016f0000 - 0x00007ff80179e000 	C:\WINDOWS\SYSTEM32\mscms.dll
0x00007ff8012e0000 - 0x00007ff8012f7000 	C:\WINDOWS\SYSTEM32\ColorAdapterClient.dll
0x00007ffff1380000 - 0x00007ffff139a000 	C:\Windows\System32\Windows.Internal.Graphics.Display.DisplayColorManagement.dll
0x00007ff808f00000 - 0x00007ff809035000 	C:\WINDOWS\System32\MSCTF.dll
0x00007ffffb4f0000 - 0x00007ffffb58e000 	C:\WINDOWS\System32\TextInputFramework.dll
0x00007ff8022b0000 - 0x00007ff8025da000 	C:\WINDOWS\System32\CoreUIComponents.dll
0x00007ff8041f0000 - 0x00007ff8042c4000 	C:\WINDOWS\System32\CoreMessaging.dll
0x00007ff806720000 - 0x00007ff806751000 	C:\WINDOWS\SYSTEM32\ntmarta.dll
0x00007ffffaa10000 - 0x00007ffffacb7000 	C:\WINDOWS\System32\iertutil.dll
0x00007fff95db0000 - 0x00007fff985f8000 	C:\WINDOWS\System32\DriverStore\FileRepository\nv_dispi.inf_amd64_b2dd7130a686a22f\nvoglv64.dll
0x00007ff809e70000 - 0x00007ff80a2e0000 	C:\WINDOWS\System32\SETUPAPI.dll
0x00007ff803b90000 - 0x00007ff803ba3000 	C:\WINDOWS\SYSTEM32\WTSAPI32.dll
0x00007ff808870000 - 0x00007ff8088cc000 	C:\WINDOWS\System32\WINTRUST.dll
0x00007ff807790000 - 0x00007ff8077a2000 	C:\WINDOWS\System32\MSASN1.dll
0x00007ff8077b0000 - 0x00007ff8078f9000 	C:\WINDOWS\System32\CRYPT32.dll
0x00007fffd68e0000 - 0x00007fffd6b8e000 	C:\WINDOWS\system32\nvspcap64.dll
0x00007ff805010000 - 0x00007ff80503d000 	C:\WINDOWS\SYSTEM32\dwmapi.dll
0x00007ff8049b0000 - 0x00007ff8049f3000 	C:\WINDOWS\SYSTEM32\icm32.dll
0x00007ff806970000 - 0x00007ff8069c6000 	C:\WINDOWS\SYSTEM32\WINSTA.dll
0x00007ff805e40000 - 0x00007ff806034000 	C:\WINDOWS\SYSTEM32\dbghelp.dll

VM Arguments:
jvm_args: -Dfile.encoding=windows-1250 -Duser.country=PL -Duser.language=pl -Duser.variant 
java_command: com.mygdx.gragdx.desktop.DesktopLauncher
java_class_path (initial): C:\Users\janst\Documents\libGDXproject\graGDX\desktop\build\classes\java\main;C:\Users\janst\Documents\libGDXproject\graGDX\desktop\build\resources\main;C:\Users\janst\.gradle\caches\modules-2\files-2.1\com.badlogicgames.gdx\gdx-tools\1.9.10\67524f012868e0cff57531b5bfda2781d00c6b1f\gdx-tools-1.9.10.jar;C:\Users\janst\.gradle\caches\modules-2\files-2.1\com.badlogicgames.gdx\gdx-backend-lwjgl\1.9.10\8f88abd43500d94c486d25f04d642318da72773a\gdx-backend-lwjgl-1.9.10.jar;C:\Users\janst\.gradle\caches\modules-2\files-2.1\com.badlogicgames.gdx\gdx-platform\1.9.10\1907b49f8363dd1ee37d273854a9cc3c741a6e66\gdx-platform-1.9.10-natives-desktop.jar;C:\Users\janst\.gradle\caches\modules-2\files-2.1\com.badlogicgames.gdx\gdx-box2d-platform\1.9.10\91b19c283b24eec646a18e0e7b940c829920df4f\gdx-box2d-platform-1.9.10-natives-desktop.jar;C:\Users\janst\.gradle\caches\modules-2\files-2.1\com.badlogicgames.gdx\gdx-freetype-platform\1.9.10\5c4b67db9c1d62383b718ce040c7cdb555d5b19f\gdx-freetype-platform-1.9.10-natives-desktop.jar;C:\Users\janst\Documents\libGDXproject\graGDX\core\build\libs\core-1.0.jar;C:\Users\janst\.gradle\caches\modules-2\files-2.1\com.badlogicgames.gdx\gdx-backend-headless\1.9.10\d357526e6bb3d36b01b4f833ab42588e5285d487\gdx-backend-headless-1.9.10.jar;C:\Users\janst\.gradle\caches\modules-2\files-2.1\com.badlogicgames.gdx\gdx-freetype\1.9.10\8853e4f08589a9feb4b851187909cfde8810e491\gdx-freetype-1.9.10.jar;C:\Users\janst\.gradle\caches\modules-2\files-2.1\com.badlogicgames.box2dlights\box2dlights\1.4\3d77ad5b4164fb32fc67e2446e35911bb0aaf0bd\box2dlights-1.4.jar;C:\Users\janst\.gradle\caches\modules-2\files-2.1\com.badlogicgames.gdx\gdx-box2d\1.9.10\d68a7a3484d47529a8d23cd467579eb098b38a9e\gdx-box2d-1.9.10.jar;C:\Users\janst\.gradle\caches\modules-2\files-2.1\com.badlogicgames.gdx\gdx\1.9.10\79d9ad27bd5e3eb18c9ade61d3a27d7237695d53\gdx-1.9.10.jar;C:\Users\janst\.gradle\caches\modules-2\files-2.1\org.lwjgl.lwjgl\lwjgl_util\2.9.3\751f06b62424da05
Launcher Type: SUN_STANDARD

Environment Variables:
PATH=C:\ProgramData\Oracle\Java\javapath;C:\Program Files (x86)\Common Files\Oracle\Java\javapath;C:\Program Files\NVIDIA Corporation\NVIDIA NvDLISR;C:\Users\janst\AppData\Local\Microsoft\WindowsApps;E:\Microsoft VS Code\bin;C:\Program Files\nodejs\;C:\Windows\system32;C:\Users\janst\AppData\Local\GitHubDesktop\bin;C:\Program Files\Java\jdk-14.0.1\bin;C:\Program Files\Java\jdk1.8.0_181\bin;
USERNAME=janst
OS=Windows_NT
PROCESSOR_IDENTIFIER=Intel64 Family 6 Model 158 Stepping 9, GenuineIntel



---------------  S Y S T E M  ---------------

OS: Windows 10.0 , 64 bit Build 18362 (10.0.18362.1110)

CPU:total 4 (initial active 4) (4 cores per cpu, 1 threads per core) family 6 model 158 stepping 9, cmov, cx8, fxsr, mmx, sse, sse2, sse3, ssse3, sse4.1, sse4.2, popcnt, avx, avx2, aes, clmul, erms, rtm, 3dnowpref, lzcnt, tsc, tscinvbit, bmi1, bmi2, adx

Memory: 4k page, physical 8327372k(1616032k free), swap 21434572k(7840048k free)

vm_info: Java HotSpot(TM) 64-Bit Server VM (25.181-b13) for windows-amd64 JRE (1.8.0_181-b13), built on Jul  7 2018 04:01:33 by "java_re" with MS VC++ 10.0 (VS2010)

time: Thu Nov 05 22:12:42 2020
elapsed time: 11 seconds (0d 0h 0m 11s)

