#
# A fatal error has been detected by the Java Runtime Environment:
#
#  EXCEPTION_ACCESS_VIOLATION (0xc0000005) at pc=0x00007ff80a865301, pid=12948, tid=0x0000000000001090
#
# JRE version: Java(TM) SE Runtime Environment (8.0_181-b13) (build 1.8.0_181-b13)
# Java VM: Java HotSpot(TM) 64-Bit Server VM (25.181-b13 mixed mode windows-amd64 compressed oops)
# Problematic frame:
# C  [ntdll.dll+0x45301]
#
# Failed to write core dump. Minidumps are not enabled by default on client versions of Windows
#
# If you would like to submit a bug report, please visit:
#   http://bugreport.java.com/bugreport/crash.jsp
# The crash happened outside the Java Virtual Machine in native code.
# See problematic frame for where to report the bug.
#

---------------  T H R E A D  ---------------

Current thread (0x000000001a0bf800):  JavaThread "LWJGL Application" [_thread_in_native, id=4240, stack(0x000000001add0000,0x000000001aed0000)]

siginfo: ExceptionCode=0xc0000005, reading address 0xffffffffffffffff

Registers:
RAX=0x3ec40000fe0000ff, RBX=0x0000000019bf9fe0, RCX=0x0000000000100000, RDX=0x000000000000006e
RSP=0x000000001aece980, RBP=0x0000000019bb0000, RSI=0x0000000001640000, RDI=0x0000000000000005
R8 =0x0000000019bcd0f0, R9 =0x0000000000000000, R10=0x0000000000002ef0, R11=0x000000001aece9c0
R12=0x0000000000001389, R13=0x0000000000001389, R14=0x0000000019bf9ff0, R15=0x0000000000001389
RIP=0x00007ff80a865301, EFLAGS=0x0000000000010287

Top of Stack: (sp=0x000000001aece980)
0x000000001aece980:   0000000019bf9fe0 0000000001640000
0x000000001aece990:   0000000000000000 0000000080010000
0x000000001aece9a0:   00000000033fd320 00000000033fd320
0x000000001aece9b0:   00000000033fda40 000000006e001678
0x000000001aece9c0:   0000000000000000 0000000019bf9fe0
0x000000001aece9d0:   0000000000000000 0000000000000000
0x000000001aece9e0:   0000000000001389 00007ff80a864c29
0x000000001aece9f0:   0000000001640000 000000001aecea59
0x000000001aecea00:   0000000019bf9f01 0000000019bf9fe0
0x000000001aecea10:   0000000000000000 00000000176aaf90
0x000000001aecea20:   000000001aeceda0 00000000d7085ab8
0x000000001aecea30:   000000002024027f 000000000347bf12
0x000000001aecea40:   0000000000000000 0000000000000000
0x000000001aecea50:   8000000000000000 0000000000004000
0x000000001aecea60:   a000000000000000 000000000000c001
0x000000001aecea70:   8000000000000000 0000000000004000 

Instructions: (pc=0x00007ff80a865301)
0x00007ff80a8652e1:   41 0f b7 40 f8 eb 05 0f b7 44 24 38 0f b7 c0 4c
0x00007ff80a8652f1:   3b e8 0f 87 be 17 07 00 49 8b 40 08 4c 8d 73 10
0x00007ff80a865301:   48 8b 08 49 3b c8 0f 85 e4 00 00 00 4d 89 06 49
0x00007ff80a865311:   89 46 08 4c 89 30 4d 89 70 08 0f b7 43 08 48 01 


Register to memory mapping:

RAX=0x3ec40000fe0000ff is an unknown value
RBX=0x0000000019bf9fe0 is an unknown value
RCX=0x0000000000100000 is an unknown value
RDX=0x000000000000006e is an unknown value
RSP=0x000000001aece980 is pointing into the stack for thread: 0x000000001a0bf800
RBP=0x0000000019bb0000 is an unknown value
RSI=0x0000000001640000 is an unknown value
RDI=0x0000000000000005 is an unknown value
R8 =0x0000000019bcd0f0 is an unknown value
R9 =0x0000000000000000 is an unknown value
R10=0x0000000000002ef0 is an unknown value
R11=0x000000001aece9c0 is pointing into the stack for thread: 0x000000001a0bf800
R12=0x0000000000001389 is an unknown value
R13=0x0000000000001389 is an unknown value
R14=0x0000000019bf9ff0 is an unknown value
R15=0x0000000000001389 is an unknown value


Stack: [0x000000001add0000,0x000000001aed0000],  sp=0x000000001aece980,  free space=1018k
Native frames: (J=compiled Java code, j=interpreted, Vv=VM code, C=native code)
C  [ntdll.dll+0x45301]
C  [ntdll.dll+0x44c29]
C  [ntdll.dll+0x41e43]
C  [ntdll.dll+0x407a0]
C  [ntdll.dll+0x3fba1]
C  [msvcrt.dll+0x19cfc]
C  0x00000000030b8c67

Java frames: (J=compiled Java code, j=interpreted, Vv=VM code)
j  com.badlogic.gdx.utils.BufferUtils.freeMemory(Ljava/nio/ByteBuffer;)V+0
j  com.badlogic.gdx.utils.BufferUtils.disposeUnsafeByteBuffer(Ljava/nio/ByteBuffer;)V+51
j  com.badlogic.gdx.graphics.glutils.VertexArray.dispose()V+4
j  com.badlogic.gdx.graphics.Mesh.dispose()V+38
j  com.badlogic.gdx.graphics.g2d.SpriteBatch.dispose()V+4
j  com.badlogic.gdx.scenes.scene2d.Stage.dispose()V+15
j  com.mygdx.gragdx.screens.StartScreen.Dispose()V+4
j  com.mygdx.gragdx.screens.StartScreen.hide()V+1
j  com.badlogic.gdx.Game.setScreen(Lcom/badlogic/gdx/Screen;)V+11
j  com.mygdx.gragdx.screens.StartScreen$1.changed(Lcom/badlogic/gdx/scenes/scene2d/utils/ChangeListener$ChangeEvent;Lcom/badlogic/gdx/scenes/scene2d/Actor;)V+21
j  com.badlogic.gdx.scenes.scene2d.utils.ChangeListener.handle(Lcom/badlogic/gdx/scenes/scene2d/Event;)Z+18
j  com.badlogic.gdx.scenes.scene2d.Actor.notify(Lcom/badlogic/gdx/scenes/scene2d/Event;Z)Z+104
j  com.badlogic.gdx.scenes.scene2d.Actor.fire(Lcom/badlogic/gdx/scenes/scene2d/Event;)Z+152
j  com.badlogic.gdx.scenes.scene2d.ui.Button.setChecked(ZZ)V+49
j  com.badlogic.gdx.scenes.scene2d.ui.Button$1.clicked(Lcom/badlogic/gdx/scenes/scene2d/InputEvent;FF)V+31
j  com.badlogic.gdx.scenes.scene2d.utils.ClickListener.touchUp(Lcom/badlogic/gdx/scenes/scene2d/InputEvent;FFII)V+108
j  com.badlogic.gdx.scenes.scene2d.InputListener.handle(Lcom/badlogic/gdx/scenes/scene2d/Event;)Z+196
j  com.badlogic.gdx.scenes.scene2d.Stage.touchUp(IIII)Z+213
J 1038 C1 com.badlogic.gdx.backends.lwjgl.LwjglInput.processEvents()V (478 bytes) @ 0x0000000003479984 [0x0000000003478ba0+0xde4]
j  com.badlogic.gdx.backends.lwjgl.LwjglApplication.mainLoop()V+661
j  com.badlogic.gdx.backends.lwjgl.LwjglApplication$1.run()V+27
v  ~StubRoutines::call_stub

---------------  P R O C E S S  ---------------

Java Threads: ( => current thread )
  0x000000001a574800 JavaThread "LWJGL Timer" daemon [_thread_blocked, id=11384, stack(0x0000000023090000,0x0000000023190000)]
  0x000000001a470800 JavaThread "AssetManager" daemon [_thread_blocked, id=22428, stack(0x0000000022f90000,0x0000000023090000)]
  0x0000000002fa3800 JavaThread "DestroyJavaVM" [_thread_blocked, id=10020, stack(0x0000000002e10000,0x0000000002f10000)]
=>0x000000001a0bf800 JavaThread "LWJGL Application" [_thread_in_native, id=4240, stack(0x000000001add0000,0x000000001aed0000)]
  0x00000000195d3000 JavaThread "Service Thread" daemon [_thread_blocked, id=23476, stack(0x00000000199b0000,0x0000000019ab0000)]
  0x0000000017c55800 JavaThread "C1 CompilerThread2" daemon [_thread_blocked, id=6416, stack(0x00000000194b0000,0x00000000195b0000)]
  0x0000000017c4f000 JavaThread "C2 CompilerThread1" daemon [_thread_blocked, id=4684, stack(0x00000000193b0000,0x00000000194b0000)]
  0x0000000017c4b800 JavaThread "C2 CompilerThread0" daemon [_thread_blocked, id=13016, stack(0x00000000192b0000,0x00000000193b0000)]
  0x0000000017c49800 JavaThread "Attach Listener" daemon [_thread_blocked, id=14136, stack(0x00000000191b0000,0x00000000192b0000)]
  0x0000000017c48800 JavaThread "Signal Dispatcher" daemon [_thread_blocked, id=5036, stack(0x00000000190b0000,0x00000000191b0000)]
  0x000000000309c800 JavaThread "Finalizer" daemon [_thread_blocked, id=5620, stack(0x0000000018ea0000,0x0000000018fa0000)]
  0x0000000017c09000 JavaThread "Reference Handler" daemon [_thread_blocked, id=19380, stack(0x0000000018da0000,0x0000000018ea0000)]

Other Threads:
  0x0000000017c08000 VMThread [stack: 0x0000000018ca0000,0x0000000018da0000] [id=16216]
  0x0000000017c9e800 WatcherThread [stack: 0x0000000019ab0000,0x0000000019bb0000] [id=22444]

VM state:not at safepoint (normal execution)

VM Mutex/Monitor currently owned by a thread: None

Heap:
 PSYoungGen      total 38400K, used 26432K [0x00000000d5a00000, 0x00000000d8480000, 0x0000000100000000)
  eden space 33280K, 79% used [0x00000000d5a00000,0x00000000d73d0298,0x00000000d7a80000)
  from space 5120K, 0% used [0x00000000d7f80000,0x00000000d7f80000,0x00000000d8480000)
  to   space 5120K, 0% used [0x00000000d7a80000,0x00000000d7a80000,0x00000000d7f80000)
 ParOldGen       total 87552K, used 0K [0x0000000080e00000, 0x0000000086380000, 0x00000000d5a00000)
  object space 87552K, 0% used [0x0000000080e00000,0x0000000080e00000,0x0000000086380000)
 Metaspace       used 10460K, capacity 10579K, committed 10880K, reserved 1058816K
  class space    used 1056K, capacity 1104K, committed 1152K, reserved 1048576K

Card table byte_map: [0x0000000012460000,0x0000000012860000] byte_map_base: 0x0000000012059000

Marking Bits: (ParMarkBitMap*) 0x0000000057f12d00
 Begin Bits: [0x0000000012f10000, 0x0000000014ed8000)
 End Bits:   [0x0000000014ed8000, 0x0000000016ea0000)

Polling page: 0x0000000001630000

CodeCache: size=245760Kb used=4070Kb max_used=4073Kb free=241689Kb
 bounds [0x00000000030a0000, 0x00000000034a0000, 0x00000000120a0000]
 total_blobs=1558 nmethods=1078 adapters=393
 compilation: enabled

Compilation events (10 events):
Event: 11.014 Thread 0x0000000017c55800 1074       3       com.badlogic.gdx.scenes.scene2d.Actor::getScaleX (5 bytes)
Event: 11.014 Thread 0x0000000017c55800 nmethod 1074 0x0000000003499d50 code [0x0000000003499ea0, 0x0000000003499ff0]
Event: 11.014 Thread 0x0000000017c55800 1075       3       com.badlogic.gdx.scenes.scene2d.Actor::getScaleY (5 bytes)
Event: 11.014 Thread 0x0000000017c55800 nmethod 1075 0x000000000349a090 code [0x000000000349a1e0, 0x000000000349a330]
Event: 11.014 Thread 0x0000000017c55800 1076       3       com.badlogic.gdx.scenes.scene2d.Actor::getRotation (5 bytes)
Event: 11.014 Thread 0x0000000017c55800 nmethod 1076 0x000000000349a3d0 code [0x000000000349a520, 0x000000000349a670]
Event: 11.147 Thread 0x0000000017c55800 1077       3       com.badlogic.gdx.scenes.scene2d.ui.Table::setBackground (128 bytes)
Event: 11.148 Thread 0x0000000017c55800 nmethod 1077 0x000000000349a710 code [0x000000000349a9a0, 0x000000000349c2a8]
Event: 11.314 Thread 0x0000000017c4f000 1078       4       com.badlogic.gdx.utils.Array::add (48 bytes)
Event: 11.316 Thread 0x0000000017c4f000 nmethod 1078 0x000000000349d950 code [0x000000000349dac0, 0x000000000349dc88]

GC Heap History (0 events):
No events

Deoptimization events (8 events):
Event: 0.668 Thread 0x000000001a0bf800 Uncommon trap: reason=unstable_if action=reinterpret pc=0x0000000003237670 method=java.lang.String.<init>([CII)V @ 18
Event: 2.248 Thread 0x000000001a0bf800 Uncommon trap: reason=unstable_if action=reinterpret pc=0x00000000032e38d4 method=sun.misc.MetaIndex.mayContain(Ljava/lang/String;)Z @ 38
Event: 9.243 Thread 0x000000001a0bf800 Uncommon trap: reason=null_check action=make_not_entrant pc=0x000000000346c9f4 method=com.badlogic.gdx.utils.ObjectMap.get(Ljava/lang/Object;)Ljava/lang/Object; @ 38
Event: 9.245 Thread 0x000000001a0bf800 Uncommon trap: reason=array_check action=maybe_recompile pc=0x000000000344848c method=com.badlogic.gdx.utils.Array.add(Ljava/lang/Object;)V @ 46
Event: 9.245 Thread 0x000000001a0bf800 Uncommon trap: reason=array_check action=maybe_recompile pc=0x000000000344848c method=com.badlogic.gdx.utils.Array.add(Ljava/lang/Object;)V @ 46
Event: 9.245 Thread 0x000000001a0bf800 Uncommon trap: reason=array_check action=maybe_recompile pc=0x000000000344848c method=com.badlogic.gdx.utils.Array.add(Ljava/lang/Object;)V @ 46
Event: 9.245 Thread 0x000000001a0bf800 Uncommon trap: reason=array_check action=maybe_recompile pc=0x000000000344848c method=com.badlogic.gdx.utils.Array.add(Ljava/lang/Object;)V @ 46
Event: 9.247 Thread 0x000000001a0bf800 Uncommon trap: reason=unstable_if action=reinterpret pc=0x00000000033d29f4 method=java.lang.Math.round(F)I @ 23

Classes redefined (0 events):
No events

Internal exceptions (10 events):
Event: 0.271 Thread 0x0000000002fa3800 Exception <a 'java/security/PrivilegedActionException'> (0x00000000d5ef3af8) thrown at [C:\re\workspace\8-2-build-windows-amd64-cygwin\jdk8u181\11358\hotspot\src\share\vm\prims\jvm.cpp, line 1435]
Event: 0.271 Thread 0x0000000002fa3800 Exception <a 'java/security/PrivilegedActionException'> (0x00000000d5ef57d0) thrown at [C:\re\workspace\8-2-build-windows-amd64-cygwin\jdk8u181\11358\hotspot\src\share\vm\prims\jvm.cpp, line 1435]
Event: 0.271 Thread 0x0000000002fa3800 Exception <a 'java/security/PrivilegedActionException'> (0x00000000d5ef6940) thrown at [C:\re\workspace\8-2-build-windows-amd64-cygwin\jdk8u181\11358\hotspot\src\share\vm\prims\jvm.cpp, line 1435]
Event: 0.271 Thread 0x0000000002fa3800 Exception <a 'java/security/PrivilegedActionException'> (0x00000000d5efbaa8) thrown at [C:\re\workspace\8-2-build-windows-amd64-cygwin\jdk8u181\11358\hotspot\src\share\vm\prims\jvm.cpp, line 1435]
Event: 0.271 Thread 0x0000000002fa3800 Exception <a 'java/security/PrivilegedActionException'> (0x00000000d5efc700) thrown at [C:\re\workspace\8-2-build-windows-amd64-cygwin\jdk8u181\11358\hotspot\src\share\vm\prims\jvm.cpp, line 1435]
Event: 0.271 Thread 0x0000000002fa3800 Exception <a 'java/security/PrivilegedActionException'> (0x00000000d5efd328) thrown at [C:\re\workspace\8-2-build-windows-amd64-cygwin\jdk8u181\11358\hotspot\src\share\vm\prims\jvm.cpp, line 1435]
Event: 0.832 Thread 0x000000001a0bf800 Exception <a 'java/lang/ArrayIndexOutOfBoundsException': 18> (0x00000000d6f2aaf8) thrown at [C:\re\workspace\8-2-build-windows-amd64-cygwin\jdk8u181\11358\hotspot\src\share\vm\interpreter\interpreterRuntime.cpp, line 366]
Event: 0.832 Thread 0x000000001a0bf800 Exception <a 'java/lang/ArrayIndexOutOfBoundsException': 57> (0x00000000d6f2bac0) thrown at [C:\re\workspace\8-2-build-windows-amd64-cygwin\jdk8u181\11358\hotspot\src\share\vm\interpreter\interpreterRuntime.cpp, line 366]
Event: 0.833 Thread 0x000000001a0bf800 Exception <a 'java/lang/ArrayIndexOutOfBoundsException'> (0x00000000d6f2e990) thrown at [C:\re\workspace\8-2-build-windows-amd64-cygwin\jdk8u181\11358\hotspot\src\share\vm\runtime\sharedRuntime.cpp, line 605]
Event: 9.243 Thread 0x000000001a0bf800 Implicit null exception at 0x000000000346c7d5 to 0x000000000346c9dd

Events (10 events):
Event: 9.245 Thread 0x000000001a0bf800 DEOPT UNPACKING pc=0x00000000030e583b sp=0x000000001aecf070 mode 2
Event: 9.245 Thread 0x000000001a0bf800 Uncommon trap: trap_request=0xffffffd6 fr.pc=0x000000000344848c
Event: 9.245 Thread 0x000000001a0bf800 DEOPT PACKING pc=0x000000000344848c sp=0x000000001aecf120
Event: 9.245 Thread 0x000000001a0bf800 DEOPT UNPACKING pc=0x00000000030e583b sp=0x000000001aecf0b0 mode 2
Event: 9.245 Thread 0x000000001a0bf800 Uncommon trap: trap_request=0xffffffd6 fr.pc=0x000000000344848c
Event: 9.245 Thread 0x000000001a0bf800 DEOPT PACKING pc=0x000000000344848c sp=0x000000001aecf060
Event: 9.245 Thread 0x000000001a0bf800 DEOPT UNPACKING pc=0x00000000030e583b sp=0x000000001aeceff0 mode 2
Event: 9.247 Thread 0x000000001a0bf800 Uncommon trap: trap_request=0xffffff65 fr.pc=0x00000000033d29f4
Event: 9.247 Thread 0x000000001a0bf800 DEOPT PACKING pc=0x00000000033d29f4 sp=0x000000001aecef20
Event: 9.247 Thread 0x000000001a0bf800 DEOPT UNPACKING pc=0x00000000030e583b sp=0x000000001aeceea8 mode 2


Dynamic libraries:
0x00007ff7aad50000 - 0x00007ff7aad87000 	C:\Program Files\Java\jdk1.8.0_181\bin\java.exe
0x00007ff80a820000 - 0x00007ff80aa10000 	C:\WINDOWS\SYSTEM32\ntdll.dll
0x00007ff8098e0000 - 0x00007ff809992000 	C:\WINDOWS\System32\KERNEL32.DLL
0x00007ff807e40000 - 0x00007ff8080e5000 	C:\WINDOWS\System32\KERNELBASE.dll
0x00007ff809c50000 - 0x00007ff809cf3000 	C:\WINDOWS\System32\ADVAPI32.dll
0x00007ff8099a0000 - 0x00007ff809a3e000 	C:\WINDOWS\System32\msvcrt.dll
0x00007ff8088d0000 - 0x00007ff808967000 	C:\WINDOWS\System32\sechost.dll
0x00007ff80a6b0000 - 0x00007ff80a7d0000 	C:\WINDOWS\System32\RPCRT4.dll
0x00007ff808be0000 - 0x00007ff808d74000 	C:\WINDOWS\System32\USER32.dll
0x00007ff8079b0000 - 0x00007ff8079d1000 	C:\WINDOWS\System32\win32u.dll
0x00007ff808970000 - 0x00007ff808996000 	C:\WINDOWS\System32\GDI32.dll
0x00007ff807ad0000 - 0x00007ff807c66000 	C:\WINDOWS\System32\gdi32full.dll
0x00007ff807c70000 - 0x00007ff807d0e000 	C:\WINDOWS\System32\msvcp_win.dll
0x00007ff807d40000 - 0x00007ff807e3a000 	C:\WINDOWS\System32\ucrtbase.dll
0x00007ffff2460000 - 0x00007ffff26e4000 	C:\WINDOWS\WinSxS\amd64_microsoft.windows.common-controls_6595b64144ccf1df_6.0.18362.1139_none_9e7bf2d3e4605ac6\COMCTL32.dll
0x00007ff80a2e0000 - 0x00007ff80a615000 	C:\WINDOWS\System32\combase.dll
0x00007ff8079e0000 - 0x00007ff807a60000 	C:\WINDOWS\System32\bcryptPrimitives.dll
0x00007ff80a680000 - 0x00007ff80a6ae000 	C:\WINDOWS\System32\IMM32.DLL
0x0000000058ae0000 - 0x0000000058bb2000 	C:\Program Files\Java\jdk1.8.0_181\jre\bin\msvcr100.dll
0x00000000576f0000 - 0x0000000057f92000 	C:\Program Files\Java\jdk1.8.0_181\jre\bin\server\jvm.dll
0x00007ff809040000 - 0x00007ff809048000 	C:\WINDOWS\System32\PSAPI.DLL
0x00007ff804900000 - 0x00007ff804924000 	C:\WINDOWS\SYSTEM32\WINMM.dll
0x00007fffdee80000 - 0x00007fffdee89000 	C:\WINDOWS\SYSTEM32\WSOCK32.dll
0x00007fffff3b0000 - 0x00007fffff3ba000 	C:\WINDOWS\SYSTEM32\VERSION.dll
0x00007ff8097c0000 - 0x00007ff80982f000 	C:\WINDOWS\System32\WS2_32.dll
0x00007ff8048d0000 - 0x00007ff8048fd000 	C:\WINDOWS\SYSTEM32\WINMMBASE.dll
0x00007ff807a80000 - 0x00007ff807aca000 	C:\WINDOWS\System32\cfgmgr32.dll
0x0000000059d20000 - 0x0000000059d2f000 	C:\Program Files\Java\jdk1.8.0_181\jre\bin\verify.dll
0x0000000059cf0000 - 0x0000000059d19000 	C:\Program Files\Java\jdk1.8.0_181\jre\bin\java.dll
0x0000000058ac0000 - 0x0000000058ad6000 	C:\Program Files\Java\jdk1.8.0_181\jre\bin\zip.dll
0x00007ff809050000 - 0x00007ff809737000 	C:\WINDOWS\System32\SHELL32.dll
0x00007ff809830000 - 0x00007ff8098d9000 	C:\WINDOWS\System32\shcore.dll
0x00007ff8080f0000 - 0x00007ff808870000 	C:\WINDOWS\System32\windows.storage.dll
0x00007ff807760000 - 0x00007ff807783000 	C:\WINDOWS\System32\profapi.dll
0x00007ff807710000 - 0x00007ff80775a000 	C:\WINDOWS\System32\powrprof.dll
0x00007ff8076e0000 - 0x00007ff8076f0000 	C:\WINDOWS\System32\UMPDC.dll
0x00007ff80a620000 - 0x00007ff80a672000 	C:\WINDOWS\System32\shlwapi.dll
0x00007ff8076f0000 - 0x00007ff807701000 	C:\WINDOWS\System32\kernel.appcore.dll
0x00007ff807a60000 - 0x00007ff807a77000 	C:\WINDOWS\System32\cryptsp.dll
0x0000000065ac0000 - 0x0000000065b0b000 	C:\Users\janst\AppData\Local\Temp\libgdxjanst\7d76f548\gdx64.dll
0x00007ff806aa0000 - 0x00007ff806ad3000 	C:\WINDOWS\system32\rsaenh.dll
0x00007ff807d10000 - 0x00007ff807d36000 	C:\WINDOWS\System32\bcrypt.dll
0x00007ff8075c0000 - 0x00007ff8075e5000 	C:\WINDOWS\SYSTEM32\USERENV.dll
0x00007ff807100000 - 0x00007ff80710c000 	C:\WINDOWS\SYSTEM32\CRYPTBASE.dll
0x0000000058aa0000 - 0x0000000058aba000 	C:\Program Files\Java\jdk1.8.0_181\jre\bin\net.dll
0x00007ff806f30000 - 0x00007ff806f97000 	C:\WINDOWS\system32\mswsock.dll
0x00007ff806c40000 - 0x00007ff806c7a000 	C:\WINDOWS\SYSTEM32\IPHLPAPI.DLL
0x00007ff80a7d0000 - 0x00007ff80a7d8000 	C:\WINDOWS\System32\NSI.dll
0x00007ffffb1c0000 - 0x00007ffffb1d6000 	C:\WINDOWS\SYSTEM32\dhcpcsvc6.DLL
0x00007ffffb180000 - 0x00007ffffb19c000 	C:\WINDOWS\SYSTEM32\dhcpcsvc.DLL
0x00007ff806c80000 - 0x00007ff806d4b000 	C:\WINDOWS\SYSTEM32\DNSAPI.dll
0x0000000058a80000 - 0x0000000058a91000 	C:\Program Files\Java\jdk1.8.0_181\jre\bin\nio.dll
0x0000000180000000 - 0x0000000180053000 	C:\Users\janst\AppData\Local\Temp\libgdxjanst\1cecf4f6\lwjgl64.dll
0x00007fffb3640000 - 0x00007fffb3796000 	C:\WINDOWS\SYSTEM32\OPENGL32.dll
0x00007fffcdd20000 - 0x00007fffcdd4c000 	C:\WINDOWS\SYSTEM32\GLU32.dll
0x00007ff806330000 - 0x00007ff806350000 	C:\WINDOWS\SYSTEM32\dxcore.dll
0x000000001a830000 - 0x000000001a894000 	C:\Users\janst\AppData\Local\Temp\libgdxjanst\1cecf4f6\OpenAL64.dll
0x00007ff808a20000 - 0x00007ff808b77000 	C:\WINDOWS\System32\ole32.dll
0x00007ff804b40000 - 0x00007ff804bd9000 	C:\WINDOWS\system32\uxtheme.dll
0x00007ff808e50000 - 0x00007ff808ef2000 	C:\WINDOWS\System32\clbcatq.dll
0x00007fffd2790000 - 0x00007fffd2829000 	C:\WINDOWS\SYSTEM32\dsound.dll
0x00007ffffdec0000 - 0x00007ffffdf32000 	C:\WINDOWS\System32\MMDevApi.dll
0x00007ff8074d0000 - 0x00007ff8074fa000 	C:\WINDOWS\System32\DEVOBJ.dll
0x00007ffffdce0000 - 0x00007ffffde3d000 	C:\WINDOWS\SYSTEM32\AUDIOSES.DLL
0x00007ff809d20000 - 0x00007ff809de5000 	C:\WINDOWS\System32\OLEAUT32.dll
0x00007ff802fe0000 - 0x00007ff803133000 	C:\WINDOWS\SYSTEM32\wintypes.dll
0x00007ff804f20000 - 0x00007ff804f34000 	C:\WINDOWS\SYSTEM32\resourcepolicyclient.dll
0x00007ff8016f0000 - 0x00007ff80179e000 	C:\WINDOWS\SYSTEM32\mscms.dll
0x00007ff8012e0000 - 0x00007ff8012f7000 	C:\WINDOWS\SYSTEM32\ColorAdapterClient.dll
0x00007ffff1380000 - 0x00007ffff139a000 	C:\Windows\System32\Windows.Internal.Graphics.Display.DisplayColorManagement.dll
0x00007ff808f00000 - 0x00007ff809035000 	C:\WINDOWS\System32\MSCTF.dll
0x00007ffffb4f0000 - 0x00007ffffb58e000 	C:\WINDOWS\System32\TextInputFramework.dll
0x00007ff8022b0000 - 0x00007ff8025da000 	C:\WINDOWS\System32\CoreUIComponents.dll
0x00007ff8041f0000 - 0x00007ff8042c4000 	C:\WINDOWS\System32\CoreMessaging.dll
0x00007ff806720000 - 0x00007ff806751000 	C:\WINDOWS\SYSTEM32\ntmarta.dll
0x00007ffffaa10000 - 0x00007ffffacb7000 	C:\WINDOWS\System32\iertutil.dll
0x00007fff9d920000 - 0x00007fffa0168000 	C:\WINDOWS\System32\DriverStore\FileRepository\nv_dispi.inf_amd64_b2dd7130a686a22f\nvoglv64.dll
0x00007ff809e70000 - 0x00007ff80a2e0000 	C:\WINDOWS\System32\SETUPAPI.dll
0x00007ff803b90000 - 0x00007ff803ba3000 	C:\WINDOWS\SYSTEM32\WTSAPI32.dll
0x00007ff808870000 - 0x00007ff8088cc000 	C:\WINDOWS\System32\WINTRUST.dll
0x00007ff807790000 - 0x00007ff8077a2000 	C:\WINDOWS\System32\MSASN1.dll
0x00007ff8077b0000 - 0x00007ff8078f9000 	C:\WINDOWS\System32\CRYPT32.dll
0x00007fffce1d0000 - 0x00007fffce47e000 	C:\WINDOWS\system32\nvspcap64.dll
0x00007ff805010000 - 0x00007ff80503d000 	C:\WINDOWS\SYSTEM32\dwmapi.dll
0x00007ff8049b0000 - 0x00007ff8049f3000 	C:\WINDOWS\SYSTEM32\icm32.dll
0x00007ff806970000 - 0x00007ff8069c6000 	C:\WINDOWS\SYSTEM32\WINSTA.dll
0x00007ff805e40000 - 0x00007ff806034000 	C:\WINDOWS\SYSTEM32\dbghelp.dll

VM Arguments:
jvm_args: -Dfile.encoding=windows-1250 -Duser.country=PL -Duser.language=pl -Duser.variant 
java_command: com.mygdx.gragdx.desktop.DesktopLauncher
java_class_path (initial): C:\Users\janst\Documents\libGDXproject\graGDX\desktop\build\classes\java\main;C:\Users\janst\Documents\libGDXproject\graGDX\desktop\build\resources\main;C:\Users\janst\.gradle\caches\modules-2\files-2.1\com.badlogicgames.gdx\gdx-tools\1.9.10\67524f012868e0cff57531b5bfda2781d00c6b1f\gdx-tools-1.9.10.jar;C:\Users\janst\.gradle\caches\modules-2\files-2.1\com.badlogicgames.gdx\gdx-backend-lwjgl\1.9.10\8f88abd43500d94c486d25f04d642318da72773a\gdx-backend-lwjgl-1.9.10.jar;C:\Users\janst\.gradle\caches\modules-2\files-2.1\com.badlogicgames.gdx\gdx-platform\1.9.10\1907b49f8363dd1ee37d273854a9cc3c741a6e66\gdx-platform-1.9.10-natives-desktop.jar;C:\Users\janst\.gradle\caches\modules-2\files-2.1\com.badlogicgames.gdx\gdx-box2d-platform\1.9.10\91b19c283b24eec646a18e0e7b940c829920df4f\gdx-box2d-platform-1.9.10-natives-desktop.jar;C:\Users\janst\.gradle\caches\modules-2\files-2.1\com.badlogicgames.gdx\gdx-freetype-platform\1.9.10\5c4b67db9c1d62383b718ce040c7cdb555d5b19f\gdx-freetype-platform-1.9.10-natives-desktop.jar;C:\Users\janst\Documents\libGDXproject\graGDX\core\build\libs\core-1.0.jar;C:\Users\janst\.gradle\caches\modules-2\files-2.1\com.badlogicgames.gdx\gdx-backend-headless\1.9.10\d357526e6bb3d36b01b4f833ab42588e5285d487\gdx-backend-headless-1.9.10.jar;C:\Users\janst\.gradle\caches\modules-2\files-2.1\com.badlogicgames.gdx\gdx-freetype\1.9.10\8853e4f08589a9feb4b851187909cfde8810e491\gdx-freetype-1.9.10.jar;C:\Users\janst\.gradle\caches\modules-2\files-2.1\com.badlogicgames.box2dlights\box2dlights\1.4\3d77ad5b4164fb32fc67e2446e35911bb0aaf0bd\box2dlights-1.4.jar;C:\Users\janst\.gradle\caches\modules-2\files-2.1\com.badlogicgames.gdx\gdx-box2d\1.9.10\d68a7a3484d47529a8d23cd467579eb098b38a9e\gdx-box2d-1.9.10.jar;C:\Users\janst\.gradle\caches\modules-2\files-2.1\com.badlogicgames.gdx\gdx\1.9.10\79d9ad27bd5e3eb18c9ade61d3a27d7237695d53\gdx-1.9.10.jar;C:\Users\janst\.gradle\caches\modules-2\files-2.1\org.lwjgl.lwjgl\lwjgl_util\2.9.3\751f06b62424da05
Launcher Type: SUN_STANDARD

Environment Variables:
PATH=C:\ProgramData\Oracle\Java\javapath;C:\Program Files (x86)\Common Files\Oracle\Java\javapath;C:\Program Files\NVIDIA Corporation\NVIDIA NvDLISR;C:\Users\janst\AppData\Local\Microsoft\WindowsApps;E:\Microsoft VS Code\bin;C:\Program Files\nodejs\;C:\Windows\system32;C:\Users\janst\AppData\Local\GitHubDesktop\bin;C:\Program Files\Java\jdk-14.0.1\bin;C:\Program Files\Java\jdk1.8.0_181\bin
USERNAME=janst
OS=Windows_NT
PROCESSOR_IDENTIFIER=Intel64 Family 6 Model 158 Stepping 9, GenuineIntel



---------------  S Y S T E M  ---------------

OS: Windows 10.0 , 64 bit Build 18362 (10.0.18362.1110)

CPU:total 4 (initial active 4) (4 cores per cpu, 1 threads per core) family 6 model 158 stepping 9, cmov, cx8, fxsr, mmx, sse, sse2, sse3, ssse3, sse4.1, sse4.2, popcnt, avx, avx2, aes, clmul, erms, rtm, 3dnowpref, lzcnt, tsc, tscinvbit, bmi1, bmi2, adx

Memory: 4k page, physical 8327372k(978692k free), swap 21434572k(6166880k free)

vm_info: Java HotSpot(TM) 64-Bit Server VM (25.181-b13) for windows-amd64 JRE (1.8.0_181-b13), built on Jul  7 2018 04:01:33 by "java_re" with MS VC++ 10.0 (VS2010)

time: Thu Nov 05 15:07:42 2020
elapsed time: 11 seconds (0d 0h 0m 11s)

