#
# A fatal error has been detected by the Java Runtime Environment:
#
#  EXCEPTION_ACCESS_VIOLATION (0xc0000005) at pc=0x0000000022c7fd9b, pid=19896, tid=0x000000000000396c
#
# JRE version: Java(TM) SE Runtime Environment (8.0_181-b13) (build 1.8.0_181-b13)
# Java VM: Java HotSpot(TM) 64-Bit Server VM (25.181-b13 mixed mode windows-amd64 compressed oops)
# Problematic frame:
# C  0x0000000022c7fd9b
#
# Failed to write core dump. Minidumps are not enabled by default on client versions of Windows
#
# If you would like to submit a bug report, please visit:
#   http://bugreport.java.com/bugreport/crash.jsp
#

---------------  T H R E A D  ---------------

Current thread is native thread

siginfo: ExceptionCode=0xc0000005, reading address 0x0000000019a2efa0

Registers:
RAX=0x0000000026af6060, RBX=0x00000000204c0000, RCX=0x000000000000a800, RDX=0x00000000199cdbc2
RSP=0x000000001b78e4c0, RBP=0x00000000199d0aa0, RSI=0x0000000019a2efa0, RDI=0x0000000000034800
R8 =0x00000000199cdbc0, R9 =0x0000000000001770, R10=0x0000000020542970, R11=0x00000000199d0aa0
R12=0x0000000000001770, R13=0x000000000001d4c0, R14=0x0000000000000000, R15=0x0000000026af6060
RIP=0x0000000022c7fd9b, EFLAGS=0x0000000000010202

Top of Stack: (sp=0x000000001b78e4c0)
0x000000001b78e4c0:   00000000068a3520 000000001e11aad0
0x000000001b78e4d0:   0000000000001770 0000000000000000
0x000000001b78e4e0:   00000000204c0000 00007fff96bd52c8
0x000000001b78e4f0:   000000000001d4c0 00000000204c0000
0x000000001b78e500:   0000000000001770 000000000001d4c0
0x000000001b78e510:   0000000000000000 0000000000000002
0x000000001b78e520:   000000001e2f0000 0000000300000000
0x000000001b78e530:   0000000000000000 0000000026af6060
0x000000001b78e540:   0000000000000000 0000000000000000
0x000000001b78e550:   00000000199cdbc0 0000000000001770
0x000000001b78e560:   0000000022c7fd40 000000002051bbd8
0x000000001b78e570:   00000000199cdbc0 000000001e11aad0
0x000000001b78e580:   0000000000000000 0000000000000000
0x000000001b78e590:   0000000000000000 0000000000000000
0x000000001b78e5a0:   0000000000000000 0000000000000000
0x000000001b78e5b0:   0000000000000000 00007ff80a85c44f 

Instructions: (pc=0x0000000022c7fd9b)
0x0000000022c7fd7b:   48 83 c2 02 48 be b0 c6 51 20 00 00 00 00 48 8b
0x0000000022c7fd8b:   36 48 8b b6 08 03 00 00 48 8d 3c 89 48 8d 34 be
0x0000000022c7fd9b:   8b 3e 8b 6e 04 89 38 89 68 04 48 be b0 c6 51 20
0x0000000022c7fdab:   00 00 00 00 48 8b 36 48 8b b6 38 03 00 00 48 8d 


Register to memory mapping:

RAX=0x0000000026af6060 is an unknown value
RBX=0x00000000204c0000 is an unknown value
RCX=0x000000000000a800 is an unknown value
RDX=0x00000000199cdbc2 is an unknown value
RSP=0x000000001b78e4c0 is an unknown value
RBP=0x00000000199d0aa0 is an unknown value
RSI=0x0000000019a2efa0 is an unknown value
RDI=0x0000000000034800 is an unknown value
R8 =0x00000000199cdbc0 is an unknown value
R9 =0x0000000000001770 is an unknown value
R10=0x0000000020542970 is an unknown value
R11=0x00000000199d0aa0 is an unknown value
R12=0x0000000000001770 is an unknown value
R13=0x000000000001d4c0 is an unknown value
R14=0x0000000000000000 is an unknown value
R15=0x0000000026af6060 is an unknown value


Stack: [0x000000001b690000,0x000000001b790000],  sp=0x000000001b78e4c0,  free space=1017k
Native frames: (J=compiled Java code, j=interpreted, Vv=VM code, C=native code)
C  0x0000000022c7fd9b


---------------  P R O C E S S  ---------------

VM state:not at safepoint (normal execution)

VM Mutex/Monitor currently owned by a thread: None

Heap:
 PSYoungGen      total 185344K, used 113904K [0x00000000d5a00000, 0x00000000eb800000, 0x0000000100000000)
  eden space 104448K, 31% used [0x00000000d5a00000,0x00000000d7a41658,0x00000000dc000000)
  from space 80896K, 99% used [0x00000000dc000000,0x00000000e0efac88,0x00000000e0f00000)
  to   space 105472K, 0% used [0x00000000e5100000,0x00000000e5100000,0x00000000eb800000)
 ParOldGen       total 225280K, used 132546K [0x0000000080e00000, 0x000000008ea00000, 0x00000000d5a00000)
  object space 225280K, 58% used [0x0000000080e00000,0x0000000088f70980,0x000000008ea00000)
 Metaspace       used 10549K, capacity 10643K, committed 10880K, reserved 1058816K
  class space    used 1057K, capacity 1104K, committed 1152K, reserved 1048576K

Card table byte_map: [0x0000000012200000,0x0000000012600000] byte_map_base: 0x0000000011df9000

Marking Bits: (ParMarkBitMap*) 0x0000000057f12d00
 Begin Bits: [0x0000000012cb0000, 0x0000000014c78000)
 End Bits:   [0x0000000014c78000, 0x0000000016c40000)

Polling page: 0x0000000001330000

CodeCache: size=245760Kb used=5416Kb max_used=5428Kb free=240343Kb
 bounds [0x0000000002e40000, 0x00000000033a0000, 0x0000000011e40000]
 total_blobs=1876 nmethods=1396 adapters=393
 compilation: enabled

Compilation events (10 events):
Event: 201.192 Thread 0x0000000019248800 1415       3       com.badlogic.gdx.utils.reflect.Field::getType (8 bytes)
Event: 201.192 Thread 0x0000000019248800 nmethod 1415 0x0000000002f5c9d0 code [0x0000000002f5cb20, 0x0000000002f5cd10]
Event: 201.192 Thread 0x0000000019248800 1414       3       java.lang.Character::codePointAtImpl (41 bytes)
Event: 201.192 Thread 0x0000000019248800 nmethod 1414 0x0000000002f7fe50 code [0x0000000002f7ffe0, 0x0000000002f80470]
Event: 201.193 Thread 0x0000000019248800 1416       1       java.lang.reflect.Field::getGenericSignature (5 bytes)
Event: 201.193 Thread 0x0000000019248800 nmethod 1416 0x0000000002fae850 code [0x0000000002fae9a0, 0x0000000002faeab0]
Event: 201.193 Thread 0x0000000019248800 1417       1       java.lang.reflect.AccessibleObject::isAccessible (5 bytes)
Event: 201.193 Thread 0x0000000019248800 nmethod 1417 0x0000000002f4b750 code [0x0000000002f4b8a0, 0x0000000002f4b9b0]
Event: 201.193 Thread 0x0000000019248800 1418       1       java.util.Collections$EmptyMap::get (2 bytes)
Event: 201.193 Thread 0x0000000019248800 nmethod 1418 0x0000000002f7fb90 code [0x0000000002f7fce0, 0x0000000002f7fdf0]

GC Heap History (10 events):
Event: 35.625 GC heap before
{Heap before GC invocations=5 (full 1):
 PSYoungGen      total 38400K, used 33280K [0x00000000d5a00000, 0x00000000da500000, 0x0000000100000000)
  eden space 33280K, 100% used [0x00000000d5a00000,0x00000000d7a80000,0x00000000d7a80000)
  from space 5120K, 0% used [0x00000000d7a80000,0x00000000d7a80000,0x00000000d7f80000)
  to   space 5120K, 0% used [0x00000000da000000,0x00000000da000000,0x00000000da500000)
 ParOldGen       total 153088K, used 74443K [0x0000000080e00000, 0x000000008a380000, 0x00000000d5a00000)
  object space 153088K, 48% used [0x0000000080e00000,0x00000000856b2c88,0x000000008a380000)
 Metaspace       used 10422K, capacity 10579K, committed 10880K, reserved 1058816K
  class space    used 1054K, capacity 1104K, committed 1152K, reserved 1048576K
Event: 35.650 GC heap after
Heap after GC invocations=5 (full 1):
 PSYoungGen      total 71168K, used 5088K [0x00000000d5a00000, 0x00000000da500000, 0x0000000100000000)
  eden space 66048K, 0% used [0x00000000d5a00000,0x00000000d5a00000,0x00000000d9a80000)
  from space 5120K, 99% used [0x00000000da000000,0x00000000da4f83f8,0x00000000da500000)
  to   space 5120K, 0% used [0x00000000d9b00000,0x00000000d9b00000,0x00000000da000000)
 ParOldGen       total 153088K, used 102283K [0x0000000080e00000, 0x000000008a380000, 0x00000000d5a00000)
  object space 153088K, 66% used [0x0000000080e00000,0x00000000871e2c88,0x000000008a380000)
 Metaspace       used 10422K, capacity 10579K, committed 10880K, reserved 1058816K
  class space    used 1054K, capacity 1104K, committed 1152K, reserved 1048576K
}
Event: 36.627 GC heap before
{Heap before GC invocations=6 (full 1):
 PSYoungGen      total 71168K, used 71136K [0x00000000d5a00000, 0x00000000da500000, 0x0000000100000000)
  eden space 66048K, 100% used [0x00000000d5a00000,0x00000000d9a80000,0x00000000d9a80000)
  from space 5120K, 99% used [0x00000000da000000,0x00000000da4f83f8,0x00000000da500000)
  to   space 5120K, 0% used [0x00000000d9b00000,0x00000000d9b00000,0x00000000da000000)
 ParOldGen       total 153088K, used 102283K [0x0000000080e00000, 0x000000008a380000, 0x00000000d5a00000)
  object space 153088K, 66% used [0x0000000080e00000,0x00000000871e2c88,0x000000008a380000)
 Metaspace       used 10428K, capacity 10579K, committed 10880K, reserved 1058816K
  class space    used 1054K, capacity 1104K, committed 1152K, reserved 1048576K
Event: 36.679 GC heap after
Heap after GC invocations=6 (full 1):
 PSYoungGen      total 71680K, used 5089K [0x00000000d5a00000, 0x00000000e6400000, 0x0000000100000000)
  eden space 66560K, 0% used [0x00000000d5a00000,0x00000000d5a00000,0x00000000d9b00000)
  from space 5120K, 99% used [0x00000000d9b00000,0x00000000d9ff87f0,0x00000000da000000)
  to   space 71168K, 0% used [0x00000000e1e80000,0x00000000e1e80000,0x00000000e6400000)
 ParOldGen       total 167936K, used 167075K [0x0000000080e00000, 0x000000008b200000, 0x00000000d5a00000)
  object space 167936K, 99% used [0x0000000080e00000,0x000000008b128c88,0x000000008b200000)
 Metaspace       used 10428K, capacity 10579K, committed 10880K, reserved 1058816K
  class space    used 1054K, capacity 1104K, committed 1152K, reserved 1048576K
}
Event: 36.679 GC heap before
{Heap before GC invocations=7 (full 2):
 PSYoungGen      total 71680K, used 5089K [0x00000000d5a00000, 0x00000000e6400000, 0x0000000100000000)
  eden space 66560K, 0% used [0x00000000d5a00000,0x00000000d5a00000,0x00000000d9b00000)
  from space 5120K, 99% used [0x00000000d9b00000,0x00000000d9ff87f0,0x00000000da000000)
  to   space 71168K, 0% used [0x00000000e1e80000,0x00000000e1e80000,0x00000000e6400000)
 ParOldGen       total 167936K, used 167075K [0x0000000080e00000, 0x000000008b200000, 0x00000000d5a00000)
  object space 167936K, 99% used [0x0000000080e00000,0x000000008b128c88,0x000000008b200000)
 Metaspace       used 10428K, capacity 10579K, committed 10880K, reserved 1058816K
  class space    used 1054K, capacity 1104K, committed 1152K, reserved 1048576K
Event: 36.992 GC heap after
Heap after GC invocations=7 (full 2):
 PSYoungGen      total 71680K, used 0K [0x00000000d5a00000, 0x00000000e6400000, 0x0000000100000000)
  eden space 66560K, 0% used [0x00000000d5a00000,0x00000000d5a00000,0x00000000d9b00000)
  from space 5120K, 0% used [0x00000000d9b00000,0x00000000d9b00000,0x00000000da000000)
  to   space 71168K, 0% used [0x00000000e1e80000,0x00000000e1e80000,0x00000000e6400000)
 ParOldGen       total 225280K, used 110938K [0x0000000080e00000, 0x000000008ea00000, 0x00000000d5a00000)
  object space 225280K, 49% used [0x0000000080e00000,0x0000000087a56970,0x000000008ea00000)
 Metaspace       used 10428K, capacity 10579K, committed 10880K, reserved 1058816K
  class space    used 1054K, capacity 1104K, committed 1152K, reserved 1048576K
}
Event: 145.939 GC heap before
{Heap before GC invocations=8 (full 2):
 PSYoungGen      total 71680K, used 66560K [0x00000000d5a00000, 0x00000000e6400000, 0x0000000100000000)
  eden space 66560K, 100% used [0x00000000d5a00000,0x00000000d9b00000,0x00000000d9b00000)
  from space 5120K, 0% used [0x00000000d9b00000,0x00000000d9b00000,0x00000000da000000)
  to   space 71168K, 0% used [0x00000000e1e80000,0x00000000e1e80000,0x00000000e6400000)
 ParOldGen       total 225280K, used 110938K [0x0000000080e00000, 0x000000008ea00000, 0x00000000d5a00000)
  object space 225280K, 49% used [0x0000000080e00000,0x0000000087a56970,0x000000008ea00000)
 Metaspace       used 10486K, capacity 10579K, committed 10880K, reserved 1058816K
  class space    used 1055K, capacity 1104K, committed 1152K, reserved 1048576K
Event: 145.975 GC heap after
Heap after GC invocations=8 (full 2):
 PSYoungGen      total 166400K, used 64729K [0x00000000d5a00000, 0x00000000e5e00000, 0x0000000100000000)
  eden space 101376K, 0% used [0x00000000d5a00000,0x00000000d5a00000,0x00000000dbd00000)
  from space 65024K, 99% used [0x00000000e1e80000,0x00000000e5db6638,0x00000000e5e00000)
  to   space 80896K, 0% used [0x00000000dc000000,0x00000000dc000000,0x00000000e0f00000)
 ParOldGen       total 225280K, used 110946K [0x0000000080e00000, 0x000000008ea00000, 0x00000000d5a00000)
  object space 225280K, 49% used [0x0000000080e00000,0x0000000087a58970,0x000000008ea00000)
 Metaspace       used 10486K, capacity 10579K, committed 10880K, reserved 1058816K
  class space    used 1055K, capacity 1104K, committed 1152K, reserved 1048576K
}
Event: 196.772 GC heap before
{Heap before GC invocations=9 (full 2):
 PSYoungGen      total 166400K, used 166105K [0x00000000d5a00000, 0x00000000e5e00000, 0x0000000100000000)
  eden space 101376K, 100% used [0x00000000d5a00000,0x00000000dbd00000,0x00000000dbd00000)
  from space 65024K, 99% used [0x00000000e1e80000,0x00000000e5db6638,0x00000000e5e00000)
  to   space 80896K, 0% used [0x00000000dc000000,0x00000000dc000000,0x00000000e0f00000)
 ParOldGen       total 225280K, used 110946K [0x0000000080e00000, 0x000000008ea00000, 0x00000000d5a00000)
  object space 225280K, 49% used [0x0000000080e00000,0x0000000087a58970,0x000000008ea00000)
 Metaspace       used 10546K, capacity 10643K, committed 10880K, reserved 1058816K
  class space    used 1057K, capacity 1104K, committed 1152K, reserved 1048576K
Event: 196.835 GC heap after
Heap after GC invocations=9 (full 2):
 PSYoungGen      total 185344K, used 80875K [0x00000000d5a00000, 0x00000000eb800000, 0x0000000100000000)
  eden space 104448K, 0% used [0x00000000d5a00000,0x00000000d5a00000,0x00000000dc000000)
  from space 80896K, 99% used [0x00000000dc000000,0x00000000e0efac88,0x00000000e0f00000)
  to   space 105472K, 0% used [0x00000000e5100000,0x00000000e5100000,0x00000000eb800000)
 ParOldGen       total 225280K, used 132546K [0x0000000080e00000, 0x000000008ea00000, 0x00000000d5a00000)
  object space 225280K, 58% used [0x0000000080e00000,0x0000000088f70980,0x000000008ea00000)
 Metaspace       used 10546K, capacity 10643K, committed 10880K, reserved 1058816K
  class space    used 1057K, capacity 1104K, committed 1152K, reserved 1048576K
}

Deoptimization events (10 events):
Event: 156.318 Thread 0x0000000019606800 Uncommon trap: reason=unstable_if action=reinterpret pc=0x000000000323e3b8 method=com.badlogic.gdx.math.Rectangle.overlaps(Lcom/badlogic/gdx/math/Rectangle;)Z @ 48
Event: 156.318 Thread 0x0000000019606800 Uncommon trap: reason=unstable_if action=reinterpret pc=0x00000000033102f8 method=com.badlogic.gdx.math.Rectangle.overlaps(Lcom/badlogic/gdx/math/Rectangle;)Z @ 48
Event: 163.083 Thread 0x0000000019606800 Uncommon trap: reason=unstable_if action=reinterpret pc=0x00000000033479f8 method=com.mygdx.gragdx.menu.MenuController.onCollisionBunnyHeadWithRock(Lcom/mygdx/gragdx/menu/objects/Rock;)V @ 67
Event: 163.084 Thread 0x0000000019606800 Uncommon trap: reason=unstable_if action=reinterpret pc=0x000000000330ec1c method=com.mygdx.gragdx.menu.MenuController.onCollisionBunnyHeadWithRock(Lcom/mygdx/gragdx/menu/objects/Rock;)V @ 67
Event: 163.084 Thread 0x0000000019606800 Uncommon trap: reason=unstable_if action=reinterpret pc=0x0000000003344c84 method=com.mygdx.gragdx.menu.MenuController.onCollisionBunnyHeadWithRock(Lcom/mygdx/gragdx/menu/objects/Rock;)V @ 67
Event: 163.346 Thread 0x0000000019606800 Uncommon trap: reason=unstable_if action=reinterpret pc=0x0000000003368a14 method=com.badlogic.gdx.math.Rectangle.overlaps(Lcom/badlogic/gdx/math/Rectangle;)Z @ 65
Event: 163.346 Thread 0x0000000019606800 Uncommon trap: reason=unstable_if action=reinterpret pc=0x000000000333d56c method=com.badlogic.gdx.math.Rectangle.overlaps(Lcom/badlogic/gdx/math/Rectangle;)Z @ 65
Event: 163.346 Thread 0x0000000019606800 Uncommon trap: reason=unstable_if action=reinterpret pc=0x0000000003366748 method=com.badlogic.gdx.math.Rectangle.overlaps(Lcom/badlogic/gdx/math/Rectangle;)Z @ 65
Event: 163.981 Thread 0x0000000019606800 Uncommon trap: reason=null_check action=make_not_entrant pc=0x0000000003320114 method=com.badlogic.gdx.utils.ObjectMap.get(Ljava/lang/Object;)Ljava/lang/Object; @ 38
Event: 196.760 Thread 0x0000000019606800 Uncommon trap: reason=null_check action=make_not_entrant pc=0x00000000033752e4 method=com.badlogic.gdx.utils.ObjectMap.get(Ljava/lang/Object;)Ljava/lang/Object; @ 57

Classes redefined (0 events):
No events

Internal exceptions (10 events):
Event: 0.290 Thread 0x0000000002d43800 Exception <a 'java/security/PrivilegedActionException'> (0x00000000d5ef6770) thrown at [C:\re\workspace\8-2-build-windows-amd64-cygwin\jdk8u181\11358\hotspot\src\share\vm\prims\jvm.cpp, line 1435]
Event: 0.290 Thread 0x0000000002d43800 Exception <a 'java/security/PrivilegedActionException'> (0x00000000d5ef78e0) thrown at [C:\re\workspace\8-2-build-windows-amd64-cygwin\jdk8u181\11358\hotspot\src\share\vm\prims\jvm.cpp, line 1435]
Event: 0.291 Thread 0x0000000002d43800 Exception <a 'java/security/PrivilegedActionException'> (0x00000000d5efca48) thrown at [C:\re\workspace\8-2-build-windows-amd64-cygwin\jdk8u181\11358\hotspot\src\share\vm\prims\jvm.cpp, line 1435]
Event: 0.291 Thread 0x0000000002d43800 Exception <a 'java/security/PrivilegedActionException'> (0x00000000d5efd6a0) thrown at [C:\re\workspace\8-2-build-windows-amd64-cygwin\jdk8u181\11358\hotspot\src\share\vm\prims\jvm.cpp, line 1435]
Event: 0.291 Thread 0x0000000002d43800 Exception <a 'java/security/PrivilegedActionException'> (0x00000000d5efe2c8) thrown at [C:\re\workspace\8-2-build-windows-amd64-cygwin\jdk8u181\11358\hotspot\src\share\vm\prims\jvm.cpp, line 1435]
Event: 0.823 Thread 0x0000000019606800 Exception <a 'java/lang/ArrayIndexOutOfBoundsException': 18> (0x00000000d6f26728) thrown at [C:\re\workspace\8-2-build-windows-amd64-cygwin\jdk8u181\11358\hotspot\src\share\vm\interpreter\interpreterRuntime.cpp, line 366]
Event: 0.823 Thread 0x0000000019606800 Exception <a 'java/lang/ArrayIndexOutOfBoundsException': 57> (0x00000000d6f276f0) thrown at [C:\re\workspace\8-2-build-windows-amd64-cygwin\jdk8u181\11358\hotspot\src\share\vm\interpreter\interpreterRuntime.cpp, line 366]
Event: 0.823 Thread 0x0000000019606800 Exception <a 'java/lang/ArrayIndexOutOfBoundsException'> (0x00000000d6f2a5c0) thrown at [C:\re\workspace\8-2-build-windows-amd64-cygwin\jdk8u181\11358\hotspot\src\share\vm\runtime\sharedRuntime.cpp, line 605]
Event: 163.981 Thread 0x0000000019606800 Implicit null exception at 0x000000000331fec9 to 0x00000000033200fd
Event: 196.760 Thread 0x0000000019606800 Implicit null exception at 0x0000000003374f09 to 0x00000000033752d1

Events (10 events):
Event: 198.493 Thread 0x00000000179ed800 flushing nmethod 0x0000000002f54cd0
Event: 198.493 Thread 0x00000000179ed800 flushing nmethod 0x0000000002f5b6d0
Event: 198.493 Thread 0x00000000179ed800 flushing nmethod 0x0000000002f5c750
Event: 198.493 Thread 0x00000000179ed800 flushing nmethod 0x0000000002f60c10
Event: 198.493 Thread 0x00000000179ed800 flushing nmethod 0x0000000002f6d490
Event: 198.747 Thread 0x0000000017a26000 flushing nmethod 0x0000000002f7f7d0
Event: 198.747 Thread 0x0000000017a26000 flushing nmethod 0x0000000002f7fe10
Event: 198.747 Thread 0x0000000017a26000 flushing nmethod 0x0000000002f9c1d0
Event: 198.747 Thread 0x0000000017a26000 flushing nmethod 0x0000000002fa1b50
Event: 198.747 Thread 0x0000000017a26000 flushing nmethod 0x0000000002fae850


Dynamic libraries:
0x00007ff694b60000 - 0x00007ff694b97000 	C:\Program Files\Java\jdk1.8.0_181\bin\java.exe
0x00007ff80a820000 - 0x00007ff80aa10000 	C:\WINDOWS\SYSTEM32\ntdll.dll
0x00007ff8098e0000 - 0x00007ff809992000 	C:\WINDOWS\System32\KERNEL32.DLL
0x00007ff807e40000 - 0x00007ff8080e5000 	C:\WINDOWS\System32\KERNELBASE.dll
0x00007ff809c50000 - 0x00007ff809cf3000 	C:\WINDOWS\System32\ADVAPI32.dll
0x00007ff8099a0000 - 0x00007ff809a3e000 	C:\WINDOWS\System32\msvcrt.dll
0x00007ff8088d0000 - 0x00007ff808967000 	C:\WINDOWS\System32\sechost.dll
0x00007ff80a6b0000 - 0x00007ff80a7d0000 	C:\WINDOWS\System32\RPCRT4.dll
0x00007ff808be0000 - 0x00007ff808d74000 	C:\WINDOWS\System32\USER32.dll
0x00007ff8079b0000 - 0x00007ff8079d1000 	C:\WINDOWS\System32\win32u.dll
0x00007ff808970000 - 0x00007ff808996000 	C:\WINDOWS\System32\GDI32.dll
0x00007ff807ad0000 - 0x00007ff807c66000 	C:\WINDOWS\System32\gdi32full.dll
0x00007ff807c70000 - 0x00007ff807d0e000 	C:\WINDOWS\System32\msvcp_win.dll
0x00007ff807d40000 - 0x00007ff807e3a000 	C:\WINDOWS\System32\ucrtbase.dll
0x00007ffff2460000 - 0x00007ffff26e4000 	C:\WINDOWS\WinSxS\amd64_microsoft.windows.common-controls_6595b64144ccf1df_6.0.18362.1139_none_9e7bf2d3e4605ac6\COMCTL32.dll
0x00007ff80a2e0000 - 0x00007ff80a615000 	C:\WINDOWS\System32\combase.dll
0x00007ff8079e0000 - 0x00007ff807a60000 	C:\WINDOWS\System32\bcryptPrimitives.dll
0x00007ff80a680000 - 0x00007ff80a6ae000 	C:\WINDOWS\System32\IMM32.DLL
0x0000000058ae0000 - 0x0000000058bb2000 	C:\Program Files\Java\jdk1.8.0_181\jre\bin\msvcr100.dll
0x00000000576f0000 - 0x0000000057f92000 	C:\Program Files\Java\jdk1.8.0_181\jre\bin\server\jvm.dll
0x00007ff809040000 - 0x00007ff809048000 	C:\WINDOWS\System32\PSAPI.DLL
0x00007ff804900000 - 0x00007ff804924000 	C:\WINDOWS\SYSTEM32\WINMM.dll
0x00007ff8048d0000 - 0x00007ff8048fd000 	C:\WINDOWS\SYSTEM32\WINMMBASE.dll
0x00007ff807a80000 - 0x00007ff807aca000 	C:\WINDOWS\System32\cfgmgr32.dll
0x00007fffdee80000 - 0x00007fffdee89000 	C:\WINDOWS\SYSTEM32\WSOCK32.dll
0x00007fffff3b0000 - 0x00007fffff3ba000 	C:\WINDOWS\SYSTEM32\VERSION.dll
0x00007ff8097c0000 - 0x00007ff80982f000 	C:\WINDOWS\System32\WS2_32.dll
0x0000000059d20000 - 0x0000000059d2f000 	C:\Program Files\Java\jdk1.8.0_181\jre\bin\verify.dll
0x0000000059cf0000 - 0x0000000059d19000 	C:\Program Files\Java\jdk1.8.0_181\jre\bin\java.dll
0x0000000058ac0000 - 0x0000000058ad6000 	C:\Program Files\Java\jdk1.8.0_181\jre\bin\zip.dll
0x00007ff809050000 - 0x00007ff809737000 	C:\WINDOWS\System32\SHELL32.dll
0x00007ff809830000 - 0x00007ff8098d9000 	C:\WINDOWS\System32\shcore.dll
0x00007ff8080f0000 - 0x00007ff808870000 	C:\WINDOWS\System32\windows.storage.dll
0x00007ff807760000 - 0x00007ff807783000 	C:\WINDOWS\System32\profapi.dll
0x00007ff807710000 - 0x00007ff80775a000 	C:\WINDOWS\System32\powrprof.dll
0x00007ff8076e0000 - 0x00007ff8076f0000 	C:\WINDOWS\System32\UMPDC.dll
0x00007ff80a620000 - 0x00007ff80a672000 	C:\WINDOWS\System32\shlwapi.dll
0x00007ff8076f0000 - 0x00007ff807701000 	C:\WINDOWS\System32\kernel.appcore.dll
0x00007ff807a60000 - 0x00007ff807a77000 	C:\WINDOWS\System32\cryptsp.dll
0x0000000065ac0000 - 0x0000000065b0b000 	C:\Users\janst\AppData\Local\Temp\libgdxjanst\7d76f548\gdx64.dll
0x00007ff806aa0000 - 0x00007ff806ad3000 	C:\WINDOWS\system32\rsaenh.dll
0x00007ff807d10000 - 0x00007ff807d36000 	C:\WINDOWS\System32\bcrypt.dll
0x00007ff8075c0000 - 0x00007ff8075e5000 	C:\WINDOWS\SYSTEM32\USERENV.dll
0x00007ff807100000 - 0x00007ff80710c000 	C:\WINDOWS\SYSTEM32\CRYPTBASE.dll
0x0000000058aa0000 - 0x0000000058aba000 	C:\Program Files\Java\jdk1.8.0_181\jre\bin\net.dll
0x00007ff806f30000 - 0x00007ff806f97000 	C:\WINDOWS\system32\mswsock.dll
0x00007ff806c40000 - 0x00007ff806c7a000 	C:\WINDOWS\SYSTEM32\IPHLPAPI.DLL
0x00007ff80a7d0000 - 0x00007ff80a7d8000 	C:\WINDOWS\System32\NSI.dll
0x00007ffffb1c0000 - 0x00007ffffb1d6000 	C:\WINDOWS\SYSTEM32\dhcpcsvc6.DLL
0x00007ffffb180000 - 0x00007ffffb19c000 	C:\WINDOWS\SYSTEM32\dhcpcsvc.DLL
0x00007ff806c80000 - 0x00007ff806d4b000 	C:\WINDOWS\SYSTEM32\DNSAPI.dll
0x0000000058a80000 - 0x0000000058a91000 	C:\Program Files\Java\jdk1.8.0_181\jre\bin\nio.dll
0x0000000180000000 - 0x0000000180053000 	C:\Users\janst\AppData\Local\Temp\libgdxjanst\1cecf4f6\lwjgl64.dll
0x00007fffba900000 - 0x00007fffbaa56000 	C:\WINDOWS\SYSTEM32\OPENGL32.dll
0x00007fffc9580000 - 0x00007fffc95ac000 	C:\WINDOWS\SYSTEM32\GLU32.dll
0x00007ff806330000 - 0x00007ff806350000 	C:\WINDOWS\SYSTEM32\dxcore.dll
0x000000001a580000 - 0x000000001a5e4000 	C:\Users\janst\AppData\Local\Temp\libgdxjanst\1cecf4f6\OpenAL64.dll
0x00007ff808a20000 - 0x00007ff808b77000 	C:\WINDOWS\System32\ole32.dll
0x00007ff804b40000 - 0x00007ff804bd9000 	C:\WINDOWS\system32\uxtheme.dll
0x00007ff808e50000 - 0x00007ff808ef2000 	C:\WINDOWS\System32\clbcatq.dll
0x00007fffcc520000 - 0x00007fffcc5b9000 	C:\WINDOWS\SYSTEM32\dsound.dll
0x00007ffffdec0000 - 0x00007ffffdf32000 	C:\WINDOWS\System32\MMDevApi.dll
0x00007ff8074d0000 - 0x00007ff8074fa000 	C:\WINDOWS\System32\DEVOBJ.dll
0x00007ffffdce0000 - 0x00007ffffde3d000 	C:\WINDOWS\SYSTEM32\AUDIOSES.DLL
0x00007ff809d20000 - 0x00007ff809de5000 	C:\WINDOWS\System32\OLEAUT32.dll
0x00007ff802fe0000 - 0x00007ff803133000 	C:\WINDOWS\SYSTEM32\wintypes.dll
0x00007ff804f20000 - 0x00007ff804f34000 	C:\WINDOWS\SYSTEM32\resourcepolicyclient.dll
0x00007ff8016f0000 - 0x00007ff80179e000 	C:\WINDOWS\SYSTEM32\mscms.dll
0x00007ff8012e0000 - 0x00007ff8012f7000 	C:\WINDOWS\SYSTEM32\ColorAdapterClient.dll
0x00007ffff1380000 - 0x00007ffff139a000 	C:\Windows\System32\Windows.Internal.Graphics.Display.DisplayColorManagement.dll
0x00007ff808f00000 - 0x00007ff809035000 	C:\WINDOWS\System32\MSCTF.dll
0x00007ffffb4f0000 - 0x00007ffffb58e000 	C:\WINDOWS\System32\TextInputFramework.dll
0x00007ff8041f0000 - 0x00007ff8042c4000 	C:\WINDOWS\System32\CoreMessaging.dll
0x00007ff8022b0000 - 0x00007ff8025da000 	C:\WINDOWS\System32\CoreUIComponents.dll
0x00007ff806720000 - 0x00007ff806751000 	C:\WINDOWS\SYSTEM32\ntmarta.dll
0x00007ffffaa10000 - 0x00007ffffacb7000 	C:\WINDOWS\System32\iertutil.dll
0x00007fff95db0000 - 0x00007fff985f8000 	C:\WINDOWS\System32\DriverStore\FileRepository\nv_dispi.inf_amd64_b2dd7130a686a22f\nvoglv64.dll
0x00007ff809e70000 - 0x00007ff80a2e0000 	C:\WINDOWS\System32\SETUPAPI.dll
0x00007ff803b90000 - 0x00007ff803ba3000 	C:\WINDOWS\SYSTEM32\WTSAPI32.dll
0x00007ff808870000 - 0x00007ff8088cc000 	C:\WINDOWS\System32\WINTRUST.dll
0x00007ff807790000 - 0x00007ff8077a2000 	C:\WINDOWS\System32\MSASN1.dll
0x00007ff8077b0000 - 0x00007ff8078f9000 	C:\WINDOWS\System32\CRYPT32.dll
0x00007fffd68e0000 - 0x00007fffd6b8e000 	C:\WINDOWS\system32\nvspcap64.dll
0x00007ff805010000 - 0x00007ff80503d000 	C:\WINDOWS\SYSTEM32\dwmapi.dll
0x00007ff8049b0000 - 0x00007ff8049f3000 	C:\WINDOWS\SYSTEM32\icm32.dll
0x00007ff806970000 - 0x00007ff8069c6000 	C:\WINDOWS\SYSTEM32\WINSTA.dll
0x00007ff805e40000 - 0x00007ff806034000 	C:\WINDOWS\SYSTEM32\dbghelp.dll

VM Arguments:
jvm_args: -Dfile.encoding=windows-1250 -Duser.country=PL -Duser.language=pl -Duser.variant 
java_command: com.mygdx.gragdx.desktop.DesktopLauncher
java_class_path (initial): C:\Users\janst\Documents\libGDXproject\graGDX\desktop\build\classes\java\main;C:\Users\janst\Documents\libGDXproject\graGDX\desktop\build\resources\main;C:\Users\janst\.gradle\caches\modules-2\files-2.1\com.badlogicgames.gdx\gdx-tools\1.9.10\67524f012868e0cff57531b5bfda2781d00c6b1f\gdx-tools-1.9.10.jar;C:\Users\janst\.gradle\caches\modules-2\files-2.1\com.badlogicgames.gdx\gdx-backend-lwjgl\1.9.10\8f88abd43500d94c486d25f04d642318da72773a\gdx-backend-lwjgl-1.9.10.jar;C:\Users\janst\.gradle\caches\modules-2\files-2.1\com.badlogicgames.gdx\gdx-platform\1.9.10\1907b49f8363dd1ee37d273854a9cc3c741a6e66\gdx-platform-1.9.10-natives-desktop.jar;C:\Users\janst\.gradle\caches\modules-2\files-2.1\com.badlogicgames.gdx\gdx-box2d-platform\1.9.10\91b19c283b24eec646a18e0e7b940c829920df4f\gdx-box2d-platform-1.9.10-natives-desktop.jar;C:\Users\janst\.gradle\caches\modules-2\files-2.1\com.badlogicgames.gdx\gdx-freetype-platform\1.9.10\5c4b67db9c1d62383b718ce040c7cdb555d5b19f\gdx-freetype-platform-1.9.10-natives-desktop.jar;C:\Users\janst\Documents\libGDXproject\graGDX\core\build\libs\core-1.0.jar;C:\Users\janst\.gradle\caches\modules-2\files-2.1\com.badlogicgames.gdx\gdx-backend-headless\1.9.10\d357526e6bb3d36b01b4f833ab42588e5285d487\gdx-backend-headless-1.9.10.jar;C:\Users\janst\.gradle\caches\modules-2\files-2.1\com.badlogicgames.gdx\gdx-freetype\1.9.10\8853e4f08589a9feb4b851187909cfde8810e491\gdx-freetype-1.9.10.jar;C:\Users\janst\.gradle\caches\modules-2\files-2.1\com.badlogicgames.box2dlights\box2dlights\1.4\3d77ad5b4164fb32fc67e2446e35911bb0aaf0bd\box2dlights-1.4.jar;C:\Users\janst\.gradle\caches\modules-2\files-2.1\com.badlogicgames.gdx\gdx-box2d\1.9.10\d68a7a3484d47529a8d23cd467579eb098b38a9e\gdx-box2d-1.9.10.jar;C:\Users\janst\.gradle\caches\modules-2\files-2.1\com.badlogicgames.gdx\gdx\1.9.10\79d9ad27bd5e3eb18c9ade61d3a27d7237695d53\gdx-1.9.10.jar;C:\Users\janst\.gradle\caches\modules-2\files-2.1\org.lwjgl.lwjgl\lwjgl_util\2.9.3\751f06b62424da05
Launcher Type: SUN_STANDARD

Environment Variables:
PATH=C:\ProgramData\Oracle\Java\javapath;C:\Program Files (x86)\Common Files\Oracle\Java\javapath;C:\Program Files\NVIDIA Corporation\NVIDIA NvDLISR;C:\Users\janst\AppData\Local\Microsoft\WindowsApps;E:\Microsoft VS Code\bin;C:\Program Files\nodejs\;C:\Windows\system32;C:\Users\janst\AppData\Local\GitHubDesktop\bin;C:\Program Files\Java\jdk-14.0.1\bin;C:\Program Files\Java\jdk1.8.0_181\bin;
USERNAME=janst
OS=Windows_NT
PROCESSOR_IDENTIFIER=Intel64 Family 6 Model 158 Stepping 9, GenuineIntel



---------------  S Y S T E M  ---------------

OS: Windows 10.0 , 64 bit Build 18362 (10.0.18362.1110)

CPU:total 4 (initial active 4) (4 cores per cpu, 1 threads per core) family 6 model 158 stepping 9, cmov, cx8, fxsr, mmx, sse, sse2, sse3, ssse3, sse4.1, sse4.2, popcnt, avx, avx2, aes, clmul, erms, rtm, 3dnowpref, lzcnt, tsc, tscinvbit, bmi1, bmi2, adx

Memory: 4k page, physical 8327372k(1311120k free), swap 21434572k(7432204k free)

vm_info: Java HotSpot(TM) 64-Bit Server VM (25.181-b13) for windows-amd64 JRE (1.8.0_181-b13), built on Jul  7 2018 04:01:33 by "java_re" with MS VC++ 10.0 (VS2010)

time: Thu Nov 05 22:08:14 2020
elapsed time: 201 seconds (0d 0h 3m 21s)

