#
# A fatal error has been detected by the Java Runtime Environment:
#
#  EXCEPTION_ACCESS_VIOLATION (0xc0000005) at pc=0x00007ff830905301, pid=25248, tid=0x0000000000005f44
#
# JRE version: Java(TM) SE Runtime Environment (8.0_181-b13) (build 1.8.0_181-b13)
# Java VM: Java HotSpot(TM) 64-Bit Server VM (25.181-b13 mixed mode windows-amd64 compressed oops)
# Problematic frame:
# C  [ntdll.dll+0x45301]
#
# Failed to write core dump. Minidumps are not enabled by default on client versions of Windows
#
# If you would like to submit a bug report, please visit:
#   http://bugreport.java.com/bugreport/crash.jsp
# The crash happened outside the Java Virtual Machine in native code.
# See problematic frame for where to report the bug.
#

---------------  T H R E A D  ---------------

Current thread (0x0000000019390800):  JavaThread "LWJGL Application" [_thread_in_native, id=24388, stack(0x000000001a730000,0x000000001a830000)]

siginfo: ExceptionCode=0xc0000005, reading address 0xffffffffffffffff

Registers:
RAX=0x3ec40000fe0000ff, RBX=0x000000001962a2c0, RCX=0x0000000000100000, RDX=0x000000000000006e
RSP=0x000000001a82eaa0, RBP=0x00000000195e0000, RSI=0x0000000000b50000, RDI=0x0000000000000005
R8 =0x00000000195fd150, R9 =0x0000000000000000, R10=0x0000000000002ef0, R11=0x000000001a82eae0
R12=0x0000000000001389, R13=0x0000000000001389, R14=0x000000001962a2d0, R15=0x0000000000001389
RIP=0x00007ff830905301, EFLAGS=0x0000000000010287

Top of Stack: (sp=0x000000001a82eaa0)
0x000000001a82eaa0:   000000001962a2c0 0000000000b50000
0x000000001a82eab0:   00000000ffffffff 000000006c0c3a65
0x000000001a82eac0:   000000001a82ec00 000000001a82eb20
0x000000001a82ead0:   000000001a82eb80 000000006e001678
0x000000001a82eae0:   0000000000000000 000000001962a2c0
0x000000001a82eaf0:   0000000000000000 0000000000000000
0x000000001a82eb00:   0000000000001389 00007ff830904c29
0x000000001a82eb10:   0000000000b50000 000000001a82eb79
0x000000001a82eb20:   000000001962a201 000000001962a2c0
0x000000001a82eb30:   000000001a82ebf0 000000006bf7e5cc
0x000000001a82eb40:   0000000017102810 0000000019390800
0x000000001a82eb50:   00000000ffffffff 000000006c0c41fb
0x000000001a82eb60:   000000001a82ebe0 0000000000000000
0x000000001a82eb70:   0000000019390800 0000000000000000
0x000000001a82eb80:   0000000017102810 0000000019390800
0x000000001a82eb90:   000000001a82ec50 000000006bf7e5cc 

Instructions: (pc=0x00007ff830905301)
0x00007ff8309052e1:   41 0f b7 40 f8 eb 05 0f b7 44 24 38 0f b7 c0 4c
0x00007ff8309052f1:   3b e8 0f 87 be 17 07 00 49 8b 40 08 4c 8d 73 10
0x00007ff830905301:   48 8b 08 49 3b c8 0f 85 e4 00 00 00 4d 89 06 49
0x00007ff830905311:   89 46 08 4c 89 30 4d 89 70 08 0f b7 43 08 48 01 


Register to memory mapping:

RAX=0x3ec40000fe0000ff is an unknown value
RBX=0x000000001962a2c0 is an unknown value
RCX=0x0000000000100000 is an unknown value
RDX=0x000000000000006e is an unknown value
RSP=0x000000001a82eaa0 is pointing into the stack for thread: 0x0000000019390800
RBP=0x00000000195e0000 is an unknown value
RSI=0x0000000000b50000 is an unknown value
RDI=0x0000000000000005 is an unknown value
R8 =0x00000000195fd150 is an unknown value
R9 =0x0000000000000000 is an unknown value
R10=0x0000000000002ef0 is an unknown value
R11=0x000000001a82eae0 is pointing into the stack for thread: 0x0000000019390800
R12=0x0000000000001389 is an unknown value
R13=0x0000000000001389 is an unknown value
R14=0x000000001962a2d0 is an unknown value
R15=0x0000000000001389 is an unknown value


Stack: [0x000000001a730000,0x000000001a830000],  sp=0x000000001a82eaa0,  free space=1018k
Native frames: (J=compiled Java code, j=interpreted, Vv=VM code, C=native code)
C  [ntdll.dll+0x45301]
C  [ntdll.dll+0x44c29]
C  [ntdll.dll+0x41e43]
C  [ntdll.dll+0x407a0]
C  [ntdll.dll+0x3fba1]
C  [msvcrt.dll+0x19cfc]
C  0x0000000002af8c67

Java frames: (J=compiled Java code, j=interpreted, Vv=VM code)
j  com.badlogic.gdx.utils.BufferUtils.freeMemory(Ljava/nio/ByteBuffer;)V+0
j  com.badlogic.gdx.utils.BufferUtils.disposeUnsafeByteBuffer(Ljava/nio/ByteBuffer;)V+51
j  com.badlogic.gdx.graphics.glutils.VertexArray.dispose()V+4
j  com.badlogic.gdx.graphics.Mesh.dispose()V+38
j  com.badlogic.gdx.graphics.g2d.SpriteBatch.dispose()V+4
j  com.badlogic.gdx.scenes.scene2d.Stage.dispose()V+15
j  com.mygdx.gragdx.screens.StartScreen.Dispose()V+4
j  com.mygdx.gragdx.screens.StartScreen.hide()V+1
j  com.badlogic.gdx.Game.dispose()V+11
j  com.badlogic.gdx.backends.lwjgl.LwjglApplication.mainLoop()V+918
j  com.badlogic.gdx.backends.lwjgl.LwjglApplication$1.run()V+27
v  ~StubRoutines::call_stub

---------------  P R O C E S S  ---------------

Java Threads: ( => current thread )
  0x0000000019d3a800 JavaThread "LWJGL Timer" daemon [_thread_blocked, id=23308, stack(0x0000000022a70000,0x0000000022b70000)]
  0x0000000019c9f000 JavaThread "AssetManager" daemon [_thread_blocked, id=10148, stack(0x0000000022960000,0x0000000022a60000)]
  0x00000000029e3800 JavaThread "DestroyJavaVM" [_thread_blocked, id=14508, stack(0x0000000002810000,0x0000000002910000)]
=>0x0000000019390800 JavaThread "LWJGL Application" [_thread_in_native, id=24388, stack(0x000000001a730000,0x000000001a830000)]
  0x000000001900a800 JavaThread "Service Thread" daemon [_thread_blocked, id=7844, stack(0x00000000193e0000,0x00000000194e0000)]
  0x000000001769b800 JavaThread "C1 CompilerThread2" daemon [_thread_blocked, id=23240, stack(0x0000000018ee0000,0x0000000018fe0000)]
  0x000000001768f800 JavaThread "C2 CompilerThread1" daemon [_thread_blocked, id=16932, stack(0x0000000018de0000,0x0000000018ee0000)]
  0x000000001768d800 JavaThread "C2 CompilerThread0" daemon [_thread_blocked, id=968, stack(0x0000000018ce0000,0x0000000018de0000)]
  0x000000001768a800 JavaThread "Attach Listener" daemon [_thread_blocked, id=21736, stack(0x0000000018be0000,0x0000000018ce0000)]
  0x0000000017689800 JavaThread "Signal Dispatcher" daemon [_thread_blocked, id=12248, stack(0x0000000018ae0000,0x0000000018be0000)]
  0x000000001766b000 JavaThread "Finalizer" daemon [_thread_blocked, id=16716, stack(0x00000000188d0000,0x00000000189d0000)]
  0x0000000017649000 JavaThread "Reference Handler" daemon [_thread_blocked, id=10116, stack(0x00000000187d0000,0x00000000188d0000)]

Other Threads:
  0x0000000017648000 VMThread [stack: 0x00000000186d0000,0x00000000187d0000] [id=7572]
  0x0000000019033000 WatcherThread [stack: 0x00000000194e0000,0x00000000195e0000] [id=9136]

VM state:not at safepoint (normal execution)

VM Mutex/Monitor currently owned by a thread: None

Heap:
 PSYoungGen      total 38400K, used 28422K [0x00000000d5a00000, 0x00000000d8480000, 0x0000000100000000)
  eden space 33280K, 85% used [0x00000000d5a00000,0x00000000d75c1960,0x00000000d7a80000)
  from space 5120K, 0% used [0x00000000d7f80000,0x00000000d7f80000,0x00000000d8480000)
  to   space 5120K, 0% used [0x00000000d7a80000,0x00000000d7a80000,0x00000000d7f80000)
 ParOldGen       total 87552K, used 0K [0x0000000080e00000, 0x0000000086380000, 0x00000000d5a00000)
  object space 87552K, 0% used [0x0000000080e00000,0x0000000080e00000,0x0000000086380000)
 Metaspace       used 10504K, capacity 10643K, committed 10880K, reserved 1058816K
  class space    used 1055K, capacity 1104K, committed 1152K, reserved 1048576K

Card table byte_map: [0x0000000011ea0000,0x00000000122a0000] byte_map_base: 0x0000000011a99000

Marking Bits: (ParMarkBitMap*) 0x000000006c6e2d00
 Begin Bits: [0x0000000012950000, 0x0000000014918000)
 End Bits:   [0x0000000014918000, 0x00000000168e0000)

Polling page: 0x0000000002910000

CodeCache: size=245760Kb used=5110Kb max_used=5121Kb free=240649Kb
 bounds [0x0000000002ae0000, 0x0000000002ff0000, 0x0000000011ae0000]
 total_blobs=1739 nmethods=1259 adapters=393
 compilation: enabled

Compilation events (10 events):
Event: 234.264 Thread 0x000000001768f800 1255       4       com.badlogic.gdx.graphics.g2d.Sprite::setBounds (128 bytes)
Event: 234.264 Thread 0x000000001768f800 nmethod 1255 0x0000000002fc6e50 code [0x0000000002fc6f80, 0x0000000002fc7038]
Event: 234.497 Thread 0x000000001768d800 1256       4       com.badlogic.gdx.graphics.g2d.Sprite::getColor (78 bytes)
Event: 234.497 Thread 0x000000001768f800 1257       4       com.badlogic.gdx.graphics.Color::mul (57 bytes)
Event: 234.499 Thread 0x000000001768d800 nmethod 1256 0x0000000002fc27d0 code [0x0000000002fc2940, 0x0000000002fc2a98]
Event: 234.500 Thread 0x000000001768f800 nmethod 1257 0x0000000002fca010 code [0x0000000002fca180, 0x0000000002fca418]
Event: 234.646 Thread 0x000000001768d800 1258       4       com.badlogic.gdx.graphics.g2d.SpriteBatch::draw (165 bytes)
Event: 234.650 Thread 0x000000001768d800 nmethod 1258 0x0000000002fc9890 code [0x0000000002fc9a20, 0x0000000002fc9ca8]
Event: 236.680 Thread 0x000000001768f800 1259       4       com.badlogic.gdx.graphics.g2d.TextureAtlas$AtlasSprite::setBounds (146 bytes)
Event: 236.681 Thread 0x000000001768f800 nmethod 1259 0x0000000002fc2d50 code [0x0000000002fc2e80, 0x0000000002fc2fb8]

GC Heap History (0 events):
No events

Deoptimization events (10 events):
Event: 195.929 Thread 0x0000000019390800 Uncommon trap: reason=unstable_if action=reinterpret pc=0x0000000002f303f4 method=com.badlogic.gdx.graphics.g2d.SpriteBatch.end()V @ 21
Event: 195.929 Thread 0x0000000019390800 Uncommon trap: reason=unstable_if action=reinterpret pc=0x0000000002e13a74 method=java.lang.Math.round(F)I @ 23
Event: 195.946 Thread 0x0000000019390800 Uncommon trap: reason=class_check action=maybe_recompile pc=0x0000000002f5c2fc method=com.badlogic.gdx.Game.render()V @ 19
Event: 195.963 Thread 0x0000000019390800 Uncommon trap: reason=class_check action=maybe_recompile pc=0x0000000002f5c2fc method=com.badlogic.gdx.Game.render()V @ 19
Event: 195.979 Thread 0x0000000019390800 Uncommon trap: reason=class_check action=maybe_recompile pc=0x0000000002f5c2fc method=com.badlogic.gdx.Game.render()V @ 19
Event: 196.347 Thread 0x0000000019390800 Uncommon trap: reason=unstable_if action=reinterpret pc=0x0000000002f1f3f0 method=com.badlogic.gdx.graphics.g2d.SpriteBatch.draw(Lcom/badlogic/gdx/graphics/Texture;[FII)V @ 33
Event: 196.614 Thread 0x0000000019390800 Uncommon trap: reason=bimorphic action=maybe_recompile pc=0x0000000002f24ffc method=com.badlogic.gdx.utils.Pool.reset(Ljava/lang/Object;)V @ 11
Event: 223.275 Thread 0x0000000019390800 Uncommon trap: reason=unstable_if action=reinterpret pc=0x0000000002f37c18 method=org.lwjgl.opengl.Sync$RunningAvg.dampenForLowResTicker()V @ 8
Event: 273.501 Thread 0x0000000019390800 Uncommon trap: reason=unstable_if action=reinterpret pc=0x0000000002f44ed8 method=org.lwjgl.opengl.WindowsDisplay.update()V @ 40
Event: 273.503 Thread 0x0000000019390800 Uncommon trap: reason=unstable_if action=reinterpret pc=0x0000000002f58f54 method=com.badlogic.gdx.backends.lwjgl.LwjglApplication.executeRunnables()Z @ 18

Classes redefined (0 events):
No events

Internal exceptions (10 events):
Event: 0.283 Thread 0x00000000029e3800 Exception <a 'java/security/PrivilegedActionException'> (0x00000000d5ef7678) thrown at [C:\re\workspace\8-2-build-windows-amd64-cygwin\jdk8u181\11358\hotspot\src\share\vm\prims\jvm.cpp, line 1435]
Event: 0.283 Thread 0x00000000029e3800 Exception <a 'java/security/PrivilegedActionException'> (0x00000000d5ef82a0) thrown at [C:\re\workspace\8-2-build-windows-amd64-cygwin\jdk8u181\11358\hotspot\src\share\vm\prims\jvm.cpp, line 1435]
Event: 0.831 Thread 0x0000000019390800 Exception <a 'java/lang/ArrayIndexOutOfBoundsException': 18> (0x00000000d6f1f2f8) thrown at [C:\re\workspace\8-2-build-windows-amd64-cygwin\jdk8u181\11358\hotspot\src\share\vm\interpreter\interpreterRuntime.cpp, line 366]
Event: 0.831 Thread 0x0000000019390800 Exception <a 'java/lang/ArrayIndexOutOfBoundsException': 57> (0x00000000d6f202c0) thrown at [C:\re\workspace\8-2-build-windows-amd64-cygwin\jdk8u181\11358\hotspot\src\share\vm\interpreter\interpreterRuntime.cpp, line 366]
Event: 0.831 Thread 0x0000000019390800 Exception <a 'java/lang/ArrayIndexOutOfBoundsException'> (0x00000000d6f23190) thrown at [C:\re\workspace\8-2-build-windows-amd64-cygwin\jdk8u181\11358\hotspot\src\share\vm\runtime\sharedRuntime.cpp, line 605]
Event: 42.200 Thread 0x0000000019390800 Implicit null exception at 0x0000000002ecd6e4 to 0x0000000002ecd74d
Event: 42.200 Thread 0x0000000019390800 Implicit null exception at 0x0000000002ec5b5e to 0x0000000002ec5e4d
Event: 42.205 Thread 0x0000000019390800 Implicit null exception at 0x0000000002efa6ad to 0x0000000002efc315
Event: 42.205 Thread 0x0000000019390800 Implicit null exception at 0x0000000002ed7c33 to 0x0000000002ed81d9
Event: 96.629 Thread 0x0000000019390800 Implicit null exception at 0x0000000002f23a0f to 0x0000000002f23c55

Events (10 events):
Event: 223.275 Thread 0x0000000019390800 DEOPT PACKING pc=0x0000000002f37c18 sp=0x000000001a82f170
Event: 223.275 Thread 0x0000000019390800 DEOPT UNPACKING pc=0x0000000002b2583b sp=0x000000001a82f108 mode 2
Event: 273.501 Thread 0x0000000019390800 Uncommon trap: trap_request=0xffffff65 fr.pc=0x0000000002f44ed8
Event: 273.501 Thread 0x0000000019390800 DEOPT PACKING pc=0x0000000002f44ed8 sp=0x000000001a82f170
Event: 273.501 Thread 0x0000000019390800 DEOPT UNPACKING pc=0x0000000002b2583b sp=0x000000001a82f0d8 mode 2
Event: 273.502 loading class com/badlogic/gdx/backends/lwjgl/LwjglApplication$2
Event: 273.502 loading class com/badlogic/gdx/backends/lwjgl/LwjglApplication$2 done
Event: 273.503 Thread 0x0000000019390800 Uncommon trap: trap_request=0xffffff65 fr.pc=0x0000000002f58f54
Event: 273.503 Thread 0x0000000019390800 DEOPT PACKING pc=0x0000000002f58f54 sp=0x000000001a82f170
Event: 273.503 Thread 0x0000000019390800 DEOPT UNPACKING pc=0x0000000002b2583b sp=0x000000001a82f130 mode 2


Dynamic libraries:
0x00007ff6e3cb0000 - 0x00007ff6e3ce7000 	C:\Program Files\Java\jdk1.8.0_181\bin\java.exe
0x00007ff8308c0000 - 0x00007ff830ab0000 	C:\WINDOWS\SYSTEM32\ntdll.dll
0x00007ff82fa60000 - 0x00007ff82fb12000 	C:\WINDOWS\System32\KERNEL32.DLL
0x00007ff82e470000 - 0x00007ff82e715000 	C:\WINDOWS\System32\KERNELBASE.dll
0x00007ff82f160000 - 0x00007ff82f203000 	C:\WINDOWS\System32\ADVAPI32.dll
0x00007ff82ffa0000 - 0x00007ff83003e000 	C:\WINDOWS\System32\msvcrt.dll
0x00007ff82eb20000 - 0x00007ff82ebb7000 	C:\WINDOWS\System32\sechost.dll
0x00007ff82eee0000 - 0x00007ff82f000000 	C:\WINDOWS\System32\RPCRT4.dll
0x00007ff82ed30000 - 0x00007ff82eec4000 	C:\WINDOWS\System32\USER32.dll
0x00007ff82d870000 - 0x00007ff82d891000 	C:\WINDOWS\System32\win32u.dll
0x00007ff82ec20000 - 0x00007ff82ec46000 	C:\WINDOWS\System32\GDI32.dll
0x00007ff82e1a0000 - 0x00007ff82e336000 	C:\WINDOWS\System32\gdi32full.dll
0x00007ff82e8d0000 - 0x00007ff82e96e000 	C:\WINDOWS\System32\msvcp_win.dll
0x00007ff82e070000 - 0x00007ff82e16a000 	C:\WINDOWS\System32\ucrtbase.dll
0x00007ff8108c0000 - 0x00007ff810b44000 	C:\WINDOWS\WinSxS\amd64_microsoft.windows.common-controls_6595b64144ccf1df_6.0.18362.1139_none_9e7bf2d3e4605ac6\COMCTL32.dll
0x00007ff8304b0000 - 0x00007ff8307e5000 	C:\WINDOWS\System32\combase.dll
0x00007ff82e3f0000 - 0x00007ff82e470000 	C:\WINDOWS\System32\bcryptPrimitives.dll
0x00007ff8307f0000 - 0x00007ff83081e000 	C:\WINDOWS\System32\IMM32.DLL
0x000000006c770000 - 0x000000006c842000 	C:\Program Files\Java\jdk1.8.0_181\jre\bin\msvcr100.dll
0x000000006bec0000 - 0x000000006c762000 	C:\Program Files\Java\jdk1.8.0_181\jre\bin\server\jvm.dll
0x00007ff82ec50000 - 0x00007ff82ec58000 	C:\WINDOWS\System32\PSAPI.DLL
0x00007ff8095c0000 - 0x00007ff8095c9000 	C:\WINDOWS\SYSTEM32\WSOCK32.dll
0x00007ff82aa30000 - 0x00007ff82aa54000 	C:\WINDOWS\SYSTEM32\WINMM.dll
0x00007ff82fb20000 - 0x00007ff82fb8f000 	C:\WINDOWS\System32\WS2_32.dll
0x00007ff82aa00000 - 0x00007ff82aa2d000 	C:\WINDOWS\SYSTEM32\WINMMBASE.dll
0x00007ff82e020000 - 0x00007ff82e06a000 	C:\WINDOWS\System32\cfgmgr32.dll
0x00007ff825250000 - 0x00007ff82525a000 	C:\WINDOWS\SYSTEM32\VERSION.dll
0x000000006d040000 - 0x000000006d04f000 	C:\Program Files\Java\jdk1.8.0_181\jre\bin\verify.dll
0x000000006d010000 - 0x000000006d039000 	C:\Program Files\Java\jdk1.8.0_181\jre\bin\java.dll
0x000000006bea0000 - 0x000000006beb6000 	C:\Program Files\Java\jdk1.8.0_181\jre\bin\zip.dll
0x00007ff82f300000 - 0x00007ff82f9e7000 	C:\WINDOWS\System32\SHELL32.dll
0x00007ff82fb90000 - 0x00007ff82fc39000 	C:\WINDOWS\System32\shcore.dll
0x00007ff82d8a0000 - 0x00007ff82e020000 	C:\WINDOWS\System32\windows.storage.dll
0x00007ff82d800000 - 0x00007ff82d823000 	C:\WINDOWS\System32\profapi.dll
0x00007ff82d790000 - 0x00007ff82d7da000 	C:\WINDOWS\System32\powrprof.dll
0x00007ff82d780000 - 0x00007ff82d790000 	C:\WINDOWS\System32\UMPDC.dll
0x00007ff82ebc0000 - 0x00007ff82ec12000 	C:\WINDOWS\System32\shlwapi.dll
0x00007ff82d7e0000 - 0x00007ff82d7f1000 	C:\WINDOWS\System32\kernel.appcore.dll
0x00007ff82d850000 - 0x00007ff82d867000 	C:\WINDOWS\System32\cryptsp.dll
0x0000000065ac0000 - 0x0000000065b0b000 	C:\Users\janst\AppData\Local\Temp\libgdxjanst\7d76f548\gdx64.dll
0x00007ff82cb40000 - 0x00007ff82cb73000 	C:\WINDOWS\system32\rsaenh.dll
0x00007ff82e170000 - 0x00007ff82e196000 	C:\WINDOWS\System32\bcrypt.dll
0x00007ff82d660000 - 0x00007ff82d685000 	C:\WINDOWS\SYSTEM32\USERENV.dll
0x00007ff82d1a0000 - 0x00007ff82d1ac000 	C:\WINDOWS\SYSTEM32\CRYPTBASE.dll
0x000000006be80000 - 0x000000006be9a000 	C:\Program Files\Java\jdk1.8.0_181\jre\bin\net.dll
0x00007ff82cfd0000 - 0x00007ff82d037000 	C:\WINDOWS\system32\mswsock.dll
0x00007ff82cce0000 - 0x00007ff82cd1a000 	C:\WINDOWS\SYSTEM32\IPHLPAPI.DLL
0x00007ff82f210000 - 0x00007ff82f218000 	C:\WINDOWS\System32\NSI.dll
0x00007ff8251b0000 - 0x00007ff8251c6000 	C:\WINDOWS\SYSTEM32\dhcpcsvc6.DLL
0x00007ff8250e0000 - 0x00007ff8250fc000 	C:\WINDOWS\SYSTEM32\dhcpcsvc.DLL
0x00007ff82cd20000 - 0x00007ff82cdeb000 	C:\WINDOWS\SYSTEM32\DNSAPI.dll
0x000000006be60000 - 0x000000006be71000 	C:\Program Files\Java\jdk1.8.0_181\jre\bin\nio.dll
0x0000000180000000 - 0x0000000180053000 	C:\Users\janst\AppData\Local\Temp\libgdxjanst\1cecf4f6\lwjgl64.dll
0x00007fffd5f40000 - 0x00007fffd6096000 	C:\WINDOWS\SYSTEM32\OPENGL32.dll
0x00007fffd9150000 - 0x00007fffd917c000 	C:\WINDOWS\SYSTEM32\GLU32.dll
0x00007ff82c3d0000 - 0x00007ff82c3f0000 	C:\WINDOWS\SYSTEM32\dxcore.dll
0x000000001a220000 - 0x000000001a284000 	C:\Users\janst\AppData\Local\Temp\libgdxjanst\1cecf4f6\OpenAL64.dll
0x00007ff82f000000 - 0x00007ff82f157000 	C:\WINDOWS\System32\ole32.dll
0x00007ff82ab90000 - 0x00007ff82ac29000 	C:\WINDOWS\system32\uxtheme.dll
0x00007ff82ec60000 - 0x00007ff82ed02000 	C:\WINDOWS\System32\clbcatq.dll
0x00007fffee2d0000 - 0x00007fffee369000 	C:\WINDOWS\SYSTEM32\dsound.dll
0x00007ff825e70000 - 0x00007ff825ee2000 	C:\WINDOWS\System32\MMDevApi.dll
0x00007ff82d570000 - 0x00007ff82d59a000 	C:\WINDOWS\System32\DEVOBJ.dll
0x00007ff825f80000 - 0x00007ff8260dd000 	C:\WINDOWS\SYSTEM32\AUDIOSES.DLL
0x00007ff82fc40000 - 0x00007ff82fd05000 	C:\WINDOWS\System32\OLEAUT32.dll
0x00007ff829140000 - 0x00007ff829293000 	C:\WINDOWS\SYSTEM32\wintypes.dll
0x00007ff82afc0000 - 0x00007ff82afd4000 	C:\WINDOWS\SYSTEM32\resourcepolicyclient.dll
0x00007ff827810000 - 0x00007ff8278be000 	C:\WINDOWS\SYSTEM32\mscms.dll
0x00007ff8274a0000 - 0x00007ff8274b7000 	C:\WINDOWS\SYSTEM32\ColorAdapterClient.dll
0x00007ffffd730000 - 0x00007ffffd74a000 	C:\Windows\System32\Windows.Internal.Graphics.Display.DisplayColorManagement.dll
0x00007ff82fd10000 - 0x00007ff82fe45000 	C:\WINDOWS\System32\MSCTF.dll
0x00007ff823690000 - 0x00007ff82372e000 	C:\WINDOWS\System32\TextInputFramework.dll
0x00007ff829f10000 - 0x00007ff829fe4000 	C:\WINDOWS\System32\CoreMessaging.dll
0x00007ff828140000 - 0x00007ff82846a000 	C:\WINDOWS\System32\CoreUIComponents.dll
0x00007ff82c870000 - 0x00007ff82c8a1000 	C:\WINDOWS\SYSTEM32\ntmarta.dll
0x00007ff822090000 - 0x00007ff822337000 	C:\WINDOWS\System32\iertutil.dll
0x00007fffbdcf0000 - 0x00007fffc0538000 	C:\WINDOWS\System32\DriverStore\FileRepository\nv_dispi.inf_amd64_b2dd7130a686a22f\nvoglv64.dll
0x00007ff830040000 - 0x00007ff8304b0000 	C:\WINDOWS\System32\SETUPAPI.dll
0x00007ff82a7f0000 - 0x00007ff82a803000 	C:\WINDOWS\SYSTEM32\WTSAPI32.dll
0x00007ff82e870000 - 0x00007ff82e8cc000 	C:\WINDOWS\System32\WINTRUST.dll
0x00007ff82d830000 - 0x00007ff82d842000 	C:\WINDOWS\System32\MSASN1.dll
0x00007ff82e720000 - 0x00007ff82e869000 	C:\WINDOWS\System32\CRYPT32.dll
0x00007ffff4500000 - 0x00007ffff47ae000 	C:\WINDOWS\system32\nvspcap64.dll
0x00007ff82b0b0000 - 0x00007ff82b0dd000 	C:\WINDOWS\SYSTEM32\dwmapi.dll
0x00007ff82aac0000 - 0x00007ff82ab03000 	C:\WINDOWS\SYSTEM32\icm32.dll
0x00007ff82caa0000 - 0x00007ff82caf6000 	C:\WINDOWS\SYSTEM32\WINSTA.dll
0x00007ff82bd90000 - 0x00007ff82bf84000 	C:\WINDOWS\SYSTEM32\dbghelp.dll

VM Arguments:
jvm_args: -Dfile.encoding=windows-1250 -Duser.country=PL -Duser.language=pl -Duser.variant 
java_command: com.mygdx.gragdx.desktop.DesktopLauncher
java_class_path (initial): C:\Users\janst\Documents\libGDXproject\graGDX\desktop\build\classes\java\main;C:\Users\janst\Documents\libGDXproject\graGDX\desktop\build\resources\main;C:\Users\janst\.gradle\caches\modules-2\files-2.1\com.badlogicgames.gdx\gdx-tools\1.9.10\67524f012868e0cff57531b5bfda2781d00c6b1f\gdx-tools-1.9.10.jar;C:\Users\janst\.gradle\caches\modules-2\files-2.1\com.badlogicgames.gdx\gdx-backend-lwjgl\1.9.10\8f88abd43500d94c486d25f04d642318da72773a\gdx-backend-lwjgl-1.9.10.jar;C:\Users\janst\.gradle\caches\modules-2\files-2.1\com.badlogicgames.gdx\gdx-platform\1.9.10\1907b49f8363dd1ee37d273854a9cc3c741a6e66\gdx-platform-1.9.10-natives-desktop.jar;C:\Users\janst\.gradle\caches\modules-2\files-2.1\com.badlogicgames.gdx\gdx-box2d-platform\1.9.10\91b19c283b24eec646a18e0e7b940c829920df4f\gdx-box2d-platform-1.9.10-natives-desktop.jar;C:\Users\janst\.gradle\caches\modules-2\files-2.1\com.badlogicgames.gdx\gdx-freetype-platform\1.9.10\5c4b67db9c1d62383b718ce040c7cdb555d5b19f\gdx-freetype-platform-1.9.10-natives-desktop.jar;C:\Users\janst\Documents\libGDXproject\graGDX\core\build\libs\core-1.0.jar;C:\Users\janst\.gradle\caches\modules-2\files-2.1\com.badlogicgames.gdx\gdx-backend-headless\1.9.10\d357526e6bb3d36b01b4f833ab42588e5285d487\gdx-backend-headless-1.9.10.jar;C:\Users\janst\.gradle\caches\modules-2\files-2.1\com.badlogicgames.gdx\gdx-freetype\1.9.10\8853e4f08589a9feb4b851187909cfde8810e491\gdx-freetype-1.9.10.jar;C:\Users\janst\.gradle\caches\modules-2\files-2.1\com.badlogicgames.box2dlights\box2dlights\1.4\3d77ad5b4164fb32fc67e2446e35911bb0aaf0bd\box2dlights-1.4.jar;C:\Users\janst\.gradle\caches\modules-2\files-2.1\com.badlogicgames.gdx\gdx-box2d\1.9.10\d68a7a3484d47529a8d23cd467579eb098b38a9e\gdx-box2d-1.9.10.jar;C:\Users\janst\.gradle\caches\modules-2\files-2.1\com.badlogicgames.gdx\gdx\1.9.10\79d9ad27bd5e3eb18c9ade61d3a27d7237695d53\gdx-1.9.10.jar;C:\Users\janst\.gradle\caches\modules-2\files-2.1\org.lwjgl.lwjgl\lwjgl_util\2.9.3\751f06b62424da05
Launcher Type: SUN_STANDARD

Environment Variables:
PATH=C:\ProgramData\Oracle\Java\javapath;C:\Program Files (x86)\Common Files\Oracle\Java\javapath;C:\Program Files\NVIDIA Corporation\NVIDIA NvDLISR;C:\Users\janst\AppData\Local\Microsoft\WindowsApps;E:\Microsoft VS Code\bin;C:\Program Files\nodejs\;C:\Windows\system32;C:\Users\janst\AppData\Local\GitHubDesktop\bin;C:\Program Files\Java\jdk-14.0.1\bin;C:\Program Files\Java\jdk1.8.0_181\bin;
USERNAME=janst
OS=Windows_NT
PROCESSOR_IDENTIFIER=Intel64 Family 6 Model 158 Stepping 9, GenuineIntel



---------------  S Y S T E M  ---------------

OS: Windows 10.0 , 64 bit Build 18362 (10.0.18362.1110)

CPU:total 4 (initial active 4) (4 cores per cpu, 1 threads per core) family 6 model 158 stepping 9, cmov, cx8, fxsr, mmx, sse, sse2, sse3, ssse3, sse4.1, sse4.2, popcnt, avx, avx2, aes, clmul, erms, rtm, 3dnowpref, lzcnt, tsc, tscinvbit, bmi1, bmi2, adx

Memory: 4k page, physical 8327372k(553500k free), swap 21264916k(3191912k free)

vm_info: Java HotSpot(TM) 64-Bit Server VM (25.181-b13) for windows-amd64 JRE (1.8.0_181-b13), built on Jul  7 2018 04:01:33 by "java_re" with MS VC++ 10.0 (VS2010)

time: Wed Oct 28 19:18:03 2020
elapsed time: 273 seconds (0d 0h 4m 33s)

