#
# A fatal error has been detected by the Java Runtime Environment:
#
#  EXCEPTION_ACCESS_VIOLATION (0xc0000005) at pc=0x00007ff80a865301, pid=12076, tid=0x00000000000045b0
#
# JRE version: Java(TM) SE Runtime Environment (8.0_181-b13) (build 1.8.0_181-b13)
# Java VM: Java HotSpot(TM) 64-Bit Server VM (25.181-b13 mixed mode windows-amd64 compressed oops)
# Problematic frame:
# C  [ntdll.dll+0x45301]
#
# Failed to write core dump. Minidumps are not enabled by default on client versions of Windows
#
# If you would like to submit a bug report, please visit:
#   http://bugreport.java.com/bugreport/crash.jsp
# The crash happened outside the Java Virtual Machine in native code.
# See problematic frame for where to report the bug.
#

---------------  T H R E A D  ---------------

Current thread (0x0000000018e1d800):  JavaThread "LWJGL Application" [_thread_in_native, id=17840, stack(0x000000001a0a0000,0x000000001a1a0000)]

siginfo: ExceptionCode=0xc0000005, reading address 0xffffffffffffffff

Registers:
RAX=0x3ec40000fe0000ff, RBX=0x0000000019053710, RCX=0x0000000000100000, RDX=0x000000000000006e
RSP=0x000000001a19ebf0, RBP=0x0000000019020000, RSI=0x0000000000a10000, RDI=0x0000000000000004
R8 =0x000000001909b030, R9 =0x0000000000000000, R10=0x0000000000002ef0, R11=0x000000001a19ec30
R12=0x0000000000001389, R13=0x0000000000001389, R14=0x0000000019053720, R15=0x0000000000001389
RIP=0x00007ff80a865301, EFLAGS=0x0000000000010287

Top of Stack: (sp=0x000000001a19ebf0)
0x000000001a19ebf0:   0000000019053710 0000000000a10000
0x000000001a19ec00:   0000000100000015 00000000578f3a65
0x000000001a19ec10:   0000b1fad18f04fb 000000001a19ec70
0x000000001a19ec20:   0000000018e1d800 000000006e001678
0x000000001a19ec30:   0000000000000000 0000000019053710
0x000000001a19ec40:   0000000000000000 0000000000000000
0x000000001a19ec50:   0000000000001389 00007ff80a864c29
0x000000001a19ec60:   0000000000a10000 000000001a19ecc9
0x000000001a19ec70:   0000000019053701 0000000019053710
0x000000001a19ec80:   0000000018e1d800 00000000577ae5cc
0x000000001a19ec90:   0000000016b2ca60 0000000018e1d800
0x000000001a19eca0:   000000001a19f028 0000000018e1d800
0x000000001a19ecb0:   0000000016b2ca60 0000000000000000
0x000000001a19ecc0:   0000000019509600 000000001a19efd0
0x000000001a19ecd0:   00000000d7282158 0000000018e1d800
0x000000001a19ece0:   0000000018e1d800 00000000577ae5cc 

Instructions: (pc=0x00007ff80a865301)
0x00007ff80a8652e1:   41 0f b7 40 f8 eb 05 0f b7 44 24 38 0f b7 c0 4c
0x00007ff80a8652f1:   3b e8 0f 87 be 17 07 00 49 8b 40 08 4c 8d 73 10
0x00007ff80a865301:   48 8b 08 49 3b c8 0f 85 e4 00 00 00 4d 89 06 49
0x00007ff80a865311:   89 46 08 4c 89 30 4d 89 70 08 0f b7 43 08 48 01 


Register to memory mapping:

RAX=0x3ec40000fe0000ff is an unknown value
RBX=0x0000000019053710 is an unknown value
RCX=0x0000000000100000 is an unknown value
RDX=0x000000000000006e is an unknown value
RSP=0x000000001a19ebf0 is pointing into the stack for thread: 0x0000000018e1d800
RBP=0x0000000019020000 is an unknown value
RSI=0x0000000000a10000 is an unknown value
RDI=0x0000000000000004 is an unknown value
R8 =0x000000001909b030 is an unknown value
R9 =0x0000000000000000 is an unknown value
R10=0x0000000000002ef0 is an unknown value
R11=0x000000001a19ec30 is pointing into the stack for thread: 0x0000000018e1d800
R12=0x0000000000001389 is an unknown value
R13=0x0000000000001389 is an unknown value
R14=0x0000000019053720 is an unknown value
R15=0x0000000000001389 is an unknown value


Stack: [0x000000001a0a0000,0x000000001a1a0000],  sp=0x000000001a19ebf0,  free space=1018k
Native frames: (J=compiled Java code, j=interpreted, Vv=VM code, C=native code)
C  [ntdll.dll+0x45301]
C  [ntdll.dll+0x44c29]
C  [ntdll.dll+0x41e43]
C  [ntdll.dll+0x407a0]
C  [ntdll.dll+0x3fba1]
C  [msvcrt.dll+0x19cfc]
C  0x0000000002538c67

Java frames: (J=compiled Java code, j=interpreted, Vv=VM code)
j  com.badlogic.gdx.utils.BufferUtils.freeMemory(Ljava/nio/ByteBuffer;)V+0
j  com.badlogic.gdx.utils.BufferUtils.disposeUnsafeByteBuffer(Ljava/nio/ByteBuffer;)V+51
j  com.badlogic.gdx.graphics.glutils.VertexArray.dispose()V+4
j  com.badlogic.gdx.graphics.Mesh.dispose()V+38
j  com.badlogic.gdx.graphics.g2d.SpriteBatch.dispose()V+4
j  com.badlogic.gdx.scenes.scene2d.Stage.dispose()V+15
j  com.mygdx.gragdx.screens.StartScreen.Dispose()V+4
j  com.mygdx.gragdx.screens.StartScreen.hide()V+1
j  com.badlogic.gdx.Game.dispose()V+11
j  com.badlogic.gdx.backends.lwjgl.LwjglApplication.mainLoop()V+918
j  com.badlogic.gdx.backends.lwjgl.LwjglApplication$1.run()V+27
v  ~StubRoutines::call_stub

---------------  P R O C E S S  ---------------

Java Threads: ( => current thread )
  0x000000001996e800 JavaThread "LWJGL Timer" daemon [_thread_blocked, id=16292, stack(0x0000000022870000,0x0000000022970000)]
  0x0000000019695000 JavaThread "AssetManager" daemon [_thread_blocked, id=22292, stack(0x0000000022360000,0x0000000022460000)]
  0x00000000198f4000 JavaThread "AssetManager" daemon [_thread_blocked, id=18292, stack(0x0000000022260000,0x0000000022360000)]
  0x0000000002333800 JavaThread "DestroyJavaVM" [_thread_blocked, id=2672, stack(0x00000000021c0000,0x00000000022c0000)]
=>0x0000000018e1d800 JavaThread "LWJGL Application" [_thread_in_native, id=17840, stack(0x000000001a0a0000,0x000000001a1a0000)]
  0x000000001711d800 JavaThread "Service Thread" daemon [_thread_blocked, id=5432, stack(0x0000000018e20000,0x0000000018f20000)]
  0x00000000170dc800 JavaThread "C1 CompilerThread2" daemon [_thread_blocked, id=20392, stack(0x0000000018920000,0x0000000018a20000)]
  0x00000000170ce800 JavaThread "C2 CompilerThread1" daemon [_thread_blocked, id=11508, stack(0x0000000018820000,0x0000000018920000)]
  0x00000000170cc800 JavaThread "C2 CompilerThread0" daemon [_thread_blocked, id=12328, stack(0x0000000018720000,0x0000000018820000)]
  0x00000000170ca000 JavaThread "Attach Listener" daemon [_thread_blocked, id=10208, stack(0x0000000018620000,0x0000000018720000)]
  0x00000000170c9000 JavaThread "Signal Dispatcher" daemon [_thread_blocked, id=21132, stack(0x0000000018520000,0x0000000018620000)]
  0x00000000170aa000 JavaThread "Finalizer" daemon [_thread_blocked, id=15636, stack(0x0000000018310000,0x0000000018410000)]
  0x0000000017089800 JavaThread "Reference Handler" daemon [_thread_blocked, id=5300, stack(0x0000000018210000,0x0000000018310000)]

Other Threads:
  0x0000000017088000 VMThread [stack: 0x0000000018110000,0x0000000018210000] [id=10928]
  0x000000001711e800 WatcherThread [stack: 0x0000000018f20000,0x0000000019020000] [id=16900]

VM state:not at safepoint (normal execution)

VM Mutex/Monitor currently owned by a thread: None

Heap:
 PSYoungGen      total 38400K, used 32367K [0x00000000d5a00000, 0x00000000d8480000, 0x0000000100000000)
  eden space 33280K, 97% used [0x00000000d5a00000,0x00000000d799bd48,0x00000000d7a80000)
  from space 5120K, 0% used [0x00000000d7f80000,0x00000000d7f80000,0x00000000d8480000)
  to   space 5120K, 0% used [0x00000000d7a80000,0x00000000d7a80000,0x00000000d7f80000)
 ParOldGen       total 87552K, used 0K [0x0000000080e00000, 0x0000000086380000, 0x00000000d5a00000)
  object space 87552K, 0% used [0x0000000080e00000,0x0000000080e00000,0x0000000086380000)
 Metaspace       used 10571K, capacity 10707K, committed 10880K, reserved 1058816K
  class space    used 1062K, capacity 1104K, committed 1152K, reserved 1048576K

Card table byte_map: [0x00000000118e0000,0x0000000011ce0000] byte_map_base: 0x00000000114d9000

Marking Bits: (ParMarkBitMap*) 0x0000000057f12d00
 Begin Bits: [0x0000000012390000, 0x0000000014358000)
 End Bits:   [0x0000000014358000, 0x0000000016320000)

Polling page: 0x0000000000470000

CodeCache: size=245760Kb used=5057Kb max_used=5089Kb free=240702Kb
 bounds [0x0000000002520000, 0x0000000002a30000, 0x0000000011520000]
 total_blobs=1764 nmethods=1284 adapters=393
 compilation: enabled

Compilation events (10 events):
Event: 135.177 Thread 0x00000000170cc800 1280       4       org.lwjgl.opengl.GL11::glClear (19 bytes)
Event: 135.179 Thread 0x00000000170cc800 nmethod 1280 0x00000000029e7690 code [0x00000000029e77e0, 0x00000000029e78e8]
Event: 135.949 Thread 0x00000000170ce800 1281       4       java.lang.Float::valueOf (9 bytes)
Event: 135.950 Thread 0x00000000170ce800 nmethod 1281 0x00000000029efc50 code [0x00000000029efda0, 0x00000000029efe58]
Event: 136.483 Thread 0x00000000170cc800 1282       4       com.mygdx.gragdx.screens.StartScreen::drawStage (20 bytes)
Event: 136.485 Thread 0x00000000170cc800 nmethod 1282 0x00000000029f1150 code [0x00000000029f12c0, 0x00000000029f13c8]
Event: 147.982 Thread 0x00000000170ce800 1283       4       com.badlogic.gdx.backends.lwjgl.LwjglGL20::glClearColor (9 bytes)
Event: 147.985 Thread 0x00000000170ce800 nmethod 1283 0x00000000029f0c90 code [0x00000000029f0de0, 0x00000000029f0f28]
Event: 205.108 Thread 0x00000000170cc800 1284       4       org.lwjgl.opengl.Sync$RunningAvg::dampenForLowResTicker (42 bytes)
Event: 205.110 Thread 0x00000000170cc800 nmethod 1284 0x00000000029cd250 code [0x00000000029cd3e0, 0x00000000029cd6b8]

GC Heap History (0 events):
No events

Deoptimization events (10 events):
Event: 35.159 Thread 0x0000000018e1d800 Uncommon trap: reason=unstable_if action=reinterpret pc=0x000000000291198c method=com.badlogic.gdx.graphics.g2d.ParticleEmitter.update(F)V @ 19
Event: 35.852 Thread 0x0000000018e1d800 Uncommon trap: reason=null_check action=make_not_entrant pc=0x00000000029776a8 method=com.badlogic.gdx.utils.ObjectMap.get(Ljava/lang/Object;)Ljava/lang/Object; @ 57
Event: 44.778 Thread 0x0000000018e1d800 Uncommon trap: reason=array_check action=maybe_recompile pc=0x00000000028f6f0c method=com.badlogic.gdx.utils.Array.add(Ljava/lang/Object;)V @ 46
Event: 44.778 Thread 0x0000000018e1d800 Uncommon trap: reason=array_check action=maybe_recompile pc=0x00000000028f6f0c method=com.badlogic.gdx.utils.Array.add(Ljava/lang/Object;)V @ 46
Event: 44.778 Thread 0x0000000018e1d800 Uncommon trap: reason=array_check action=maybe_recompile pc=0x00000000028f6f0c method=com.badlogic.gdx.utils.Array.add(Ljava/lang/Object;)V @ 46
Event: 44.778 Thread 0x0000000018e1d800 Uncommon trap: reason=array_check action=maybe_recompile pc=0x00000000028f6f0c method=com.badlogic.gdx.utils.Array.add(Ljava/lang/Object;)V @ 46
Event: 44.781 Thread 0x0000000018e1d800 Uncommon trap: reason=unstable_if action=reinterpret pc=0x0000000002889f74 method=java.lang.Math.round(F)I @ 23
Event: 117.662 Thread 0x0000000018e1d800 Uncommon trap: reason=unstable_if action=reinterpret pc=0x00000000029b7658 method=org.lwjgl.opengl.Sync$RunningAvg.dampenForLowResTicker()V @ 8
Event: 851.172 Thread 0x0000000018e1d800 Uncommon trap: reason=unstable_if action=reinterpret pc=0x00000000029ead34 method=org.lwjgl.opengl.WindowsDisplay.update()V @ 40
Event: 851.174 Thread 0x0000000018e1d800 Uncommon trap: reason=unstable_if action=reinterpret pc=0x00000000029e6fd4 method=com.badlogic.gdx.backends.lwjgl.LwjglApplication.executeRunnables()Z @ 18

Classes redefined (0 events):
No events

Internal exceptions (10 events):
Event: 0.327 Thread 0x0000000002333800 Exception <a 'java/security/PrivilegedActionException'> (0x00000000d5eed388) thrown at [C:\re\workspace\8-2-build-windows-amd64-cygwin\jdk8u181\11358\hotspot\src\share\vm\prims\jvm.cpp, line 1435]
Event: 0.328 Thread 0x0000000002333800 Exception <a 'java/security/PrivilegedActionException'> (0x00000000d5eee4f8) thrown at [C:\re\workspace\8-2-build-windows-amd64-cygwin\jdk8u181\11358\hotspot\src\share\vm\prims\jvm.cpp, line 1435]
Event: 0.328 Thread 0x0000000002333800 Exception <a 'java/security/PrivilegedActionException'> (0x00000000d5ef3660) thrown at [C:\re\workspace\8-2-build-windows-amd64-cygwin\jdk8u181\11358\hotspot\src\share\vm\prims\jvm.cpp, line 1435]
Event: 0.328 Thread 0x0000000002333800 Exception <a 'java/security/PrivilegedActionException'> (0x00000000d5ef42b8) thrown at [C:\re\workspace\8-2-build-windows-amd64-cygwin\jdk8u181\11358\hotspot\src\share\vm\prims\jvm.cpp, line 1435]
Event: 0.328 Thread 0x0000000002333800 Exception <a 'java/security/PrivilegedActionException'> (0x00000000d5ef4ee0) thrown at [C:\re\workspace\8-2-build-windows-amd64-cygwin\jdk8u181\11358\hotspot\src\share\vm\prims\jvm.cpp, line 1435]
Event: 0.884 Thread 0x0000000018e1d800 Exception <a 'java/lang/ArrayIndexOutOfBoundsException': 18> (0x00000000d7122740) thrown at [C:\re\workspace\8-2-build-windows-amd64-cygwin\jdk8u181\11358\hotspot\src\share\vm\interpreter\interpreterRuntime.cpp, line 366]
Event: 0.885 Thread 0x0000000018e1d800 Exception <a 'java/lang/ArrayIndexOutOfBoundsException': 57> (0x00000000d7123708) thrown at [C:\re\workspace\8-2-build-windows-amd64-cygwin\jdk8u181\11358\hotspot\src\share\vm\interpreter\interpreterRuntime.cpp, line 366]
Event: 0.885 Thread 0x0000000018e1d800 Exception <a 'java/lang/ArrayIndexOutOfBoundsException'> (0x00000000d7126600) thrown at [C:\re\workspace\8-2-build-windows-amd64-cygwin\jdk8u181\11358\hotspot\src\share\vm\runtime\sharedRuntime.cpp, line 605]
Event: 20.881 Thread 0x0000000018e1d800 Implicit null exception at 0x000000000293bc0e to 0x000000000293bf79
Event: 35.852 Thread 0x0000000018e1d800 Implicit null exception at 0x000000000297744f to 0x0000000002977695

Events (10 events):
Event: 117.662 Thread 0x0000000018e1d800 DEOPT PACKING pc=0x00000000029b7658 sp=0x000000001a19f2c0
Event: 117.662 Thread 0x0000000018e1d800 DEOPT UNPACKING pc=0x000000000256583b sp=0x000000001a19f258 mode 2
Event: 851.172 Thread 0x0000000018e1d800 Uncommon trap: trap_request=0xffffff65 fr.pc=0x00000000029ead34
Event: 851.172 Thread 0x0000000018e1d800 DEOPT PACKING pc=0x00000000029ead34 sp=0x000000001a19f2b0
Event: 851.172 Thread 0x0000000018e1d800 DEOPT UNPACKING pc=0x000000000256583b sp=0x000000001a19f228 mode 2
Event: 851.174 loading class com/badlogic/gdx/backends/lwjgl/LwjglApplication$2
Event: 851.174 loading class com/badlogic/gdx/backends/lwjgl/LwjglApplication$2 done
Event: 851.174 Thread 0x0000000018e1d800 Uncommon trap: trap_request=0xffffff65 fr.pc=0x00000000029e6fd4
Event: 851.174 Thread 0x0000000018e1d800 DEOPT PACKING pc=0x00000000029e6fd4 sp=0x000000001a19f2c0
Event: 851.174 Thread 0x0000000018e1d800 DEOPT UNPACKING pc=0x000000000256583b sp=0x000000001a19f280 mode 2


Dynamic libraries:
0x00007ff7fa970000 - 0x00007ff7fa9a7000 	C:\Program Files\Java\jdk1.8.0_181\bin\java.exe
0x00007ff80a820000 - 0x00007ff80aa10000 	C:\WINDOWS\SYSTEM32\ntdll.dll
0x00007ff8098e0000 - 0x00007ff809992000 	C:\WINDOWS\System32\KERNEL32.DLL
0x00007ff807e40000 - 0x00007ff8080e5000 	C:\WINDOWS\System32\KERNELBASE.dll
0x00007ff809c50000 - 0x00007ff809cf3000 	C:\WINDOWS\System32\ADVAPI32.dll
0x00007ff8099a0000 - 0x00007ff809a3e000 	C:\WINDOWS\System32\msvcrt.dll
0x00007ff8088d0000 - 0x00007ff808967000 	C:\WINDOWS\System32\sechost.dll
0x00007ff80a6b0000 - 0x00007ff80a7d0000 	C:\WINDOWS\System32\RPCRT4.dll
0x00007ff808be0000 - 0x00007ff808d74000 	C:\WINDOWS\System32\USER32.dll
0x00007ff8079b0000 - 0x00007ff8079d1000 	C:\WINDOWS\System32\win32u.dll
0x00007ff808970000 - 0x00007ff808996000 	C:\WINDOWS\System32\GDI32.dll
0x00007ff807ad0000 - 0x00007ff807c66000 	C:\WINDOWS\System32\gdi32full.dll
0x00007ff807c70000 - 0x00007ff807d0e000 	C:\WINDOWS\System32\msvcp_win.dll
0x00007ff807d40000 - 0x00007ff807e3a000 	C:\WINDOWS\System32\ucrtbase.dll
0x00007ffff2460000 - 0x00007ffff26e4000 	C:\WINDOWS\WinSxS\amd64_microsoft.windows.common-controls_6595b64144ccf1df_6.0.18362.1139_none_9e7bf2d3e4605ac6\COMCTL32.dll
0x00007ff80a2e0000 - 0x00007ff80a615000 	C:\WINDOWS\System32\combase.dll
0x00007ff8079e0000 - 0x00007ff807a60000 	C:\WINDOWS\System32\bcryptPrimitives.dll
0x00007ff80a680000 - 0x00007ff80a6ae000 	C:\WINDOWS\System32\IMM32.DLL
0x0000000058ab0000 - 0x0000000058b82000 	C:\Program Files\Java\jdk1.8.0_181\jre\bin\msvcr100.dll
0x00000000576f0000 - 0x0000000057f92000 	C:\Program Files\Java\jdk1.8.0_181\jre\bin\server\jvm.dll
0x00007ff809040000 - 0x00007ff809048000 	C:\WINDOWS\System32\PSAPI.DLL
0x00007ff804900000 - 0x00007ff804924000 	C:\WINDOWS\SYSTEM32\WINMM.dll
0x00007ff8048d0000 - 0x00007ff8048fd000 	C:\WINDOWS\SYSTEM32\WINMMBASE.dll
0x00007ff807a80000 - 0x00007ff807aca000 	C:\WINDOWS\System32\cfgmgr32.dll
0x00007fffff3b0000 - 0x00007fffff3ba000 	C:\WINDOWS\SYSTEM32\VERSION.dll
0x00007fffdee80000 - 0x00007fffdee89000 	C:\WINDOWS\SYSTEM32\WSOCK32.dll
0x00007ff8097c0000 - 0x00007ff80982f000 	C:\WINDOWS\System32\WS2_32.dll
0x0000000058aa0000 - 0x0000000058aaf000 	C:\Program Files\Java\jdk1.8.0_181\jre\bin\verify.dll
0x0000000058a70000 - 0x0000000058a99000 	C:\Program Files\Java\jdk1.8.0_181\jre\bin\java.dll
0x00000000588f0000 - 0x0000000058906000 	C:\Program Files\Java\jdk1.8.0_181\jre\bin\zip.dll
0x00007ff809050000 - 0x00007ff809737000 	C:\WINDOWS\System32\SHELL32.dll
0x00007ff809830000 - 0x00007ff8098d9000 	C:\WINDOWS\System32\shcore.dll
0x00007ff8080f0000 - 0x00007ff808870000 	C:\WINDOWS\System32\windows.storage.dll
0x00007ff807760000 - 0x00007ff807783000 	C:\WINDOWS\System32\profapi.dll
0x00007ff807710000 - 0x00007ff80775a000 	C:\WINDOWS\System32\powrprof.dll
0x00007ff8076e0000 - 0x00007ff8076f0000 	C:\WINDOWS\System32\UMPDC.dll
0x00007ff80a620000 - 0x00007ff80a672000 	C:\WINDOWS\System32\shlwapi.dll
0x00007ff8076f0000 - 0x00007ff807701000 	C:\WINDOWS\System32\kernel.appcore.dll
0x00007ff807a60000 - 0x00007ff807a77000 	C:\WINDOWS\System32\cryptsp.dll
0x0000000065ac0000 - 0x0000000065b0b000 	C:\Users\janst\AppData\Local\Temp\libgdxjanst\7d76f548\gdx64.dll
0x00007ff806aa0000 - 0x00007ff806ad3000 	C:\WINDOWS\system32\rsaenh.dll
0x00007ff807d10000 - 0x00007ff807d36000 	C:\WINDOWS\System32\bcrypt.dll
0x00007ff8075c0000 - 0x00007ff8075e5000 	C:\WINDOWS\SYSTEM32\USERENV.dll
0x00007ff807100000 - 0x00007ff80710c000 	C:\WINDOWS\SYSTEM32\CRYPTBASE.dll
0x00000000588d0000 - 0x00000000588ea000 	C:\Program Files\Java\jdk1.8.0_181\jre\bin\net.dll
0x00007ff806f30000 - 0x00007ff806f97000 	C:\WINDOWS\system32\mswsock.dll
0x00007ff806c40000 - 0x00007ff806c7a000 	C:\WINDOWS\SYSTEM32\IPHLPAPI.DLL
0x00007ff80a7d0000 - 0x00007ff80a7d8000 	C:\WINDOWS\System32\NSI.dll
0x00007ffffb1c0000 - 0x00007ffffb1d6000 	C:\WINDOWS\SYSTEM32\dhcpcsvc6.DLL
0x00007ffffb180000 - 0x00007ffffb19c000 	C:\WINDOWS\SYSTEM32\dhcpcsvc.DLL
0x00007ff806c80000 - 0x00007ff806d4b000 	C:\WINDOWS\SYSTEM32\DNSAPI.dll
0x00000000588b0000 - 0x00000000588c1000 	C:\Program Files\Java\jdk1.8.0_181\jre\bin\nio.dll
0x0000000180000000 - 0x0000000180053000 	C:\Users\janst\AppData\Local\Temp\libgdxjanst\1cecf4f6\lwjgl64.dll
0x00007fffac280000 - 0x00007fffac3d6000 	C:\WINDOWS\SYSTEM32\OPENGL32.dll
0x00007fffb0e80000 - 0x00007fffb0eac000 	C:\WINDOWS\SYSTEM32\GLU32.dll
0x00007ff806330000 - 0x00007ff806350000 	C:\WINDOWS\SYSTEM32\dxcore.dll
0x0000000002430000 - 0x0000000002494000 	C:\Users\janst\AppData\Local\Temp\libgdxjanst\1cecf4f6\OpenAL64.dll
0x00007ff808a20000 - 0x00007ff808b77000 	C:\WINDOWS\System32\ole32.dll
0x00007ff804b40000 - 0x00007ff804bd9000 	C:\WINDOWS\system32\uxtheme.dll
0x00007ff808e50000 - 0x00007ff808ef2000 	C:\WINDOWS\System32\clbcatq.dll
0x00007fffcc520000 - 0x00007fffcc5b9000 	C:\WINDOWS\SYSTEM32\dsound.dll
0x00007ffffdec0000 - 0x00007ffffdf32000 	C:\WINDOWS\System32\MMDevApi.dll
0x00007ff8074d0000 - 0x00007ff8074fa000 	C:\WINDOWS\System32\DEVOBJ.dll
0x00007ffffdce0000 - 0x00007ffffde3d000 	C:\WINDOWS\SYSTEM32\AUDIOSES.DLL
0x00007ff809d20000 - 0x00007ff809de5000 	C:\WINDOWS\System32\OLEAUT32.dll
0x00007ff802fe0000 - 0x00007ff803133000 	C:\WINDOWS\SYSTEM32\wintypes.dll
0x00007ff804f20000 - 0x00007ff804f34000 	C:\WINDOWS\SYSTEM32\resourcepolicyclient.dll
0x00007ff8016f0000 - 0x00007ff80179e000 	C:\WINDOWS\SYSTEM32\mscms.dll
0x00007ff8012e0000 - 0x00007ff8012f7000 	C:\WINDOWS\SYSTEM32\ColorAdapterClient.dll
0x00007ffff1380000 - 0x00007ffff139a000 	C:\Windows\System32\Windows.Internal.Graphics.Display.DisplayColorManagement.dll
0x00007ff808f00000 - 0x00007ff809035000 	C:\WINDOWS\System32\MSCTF.dll
0x00007ffffb4f0000 - 0x00007ffffb58e000 	C:\WINDOWS\System32\TextInputFramework.dll
0x00007ff8041f0000 - 0x00007ff8042c4000 	C:\WINDOWS\System32\CoreMessaging.dll
0x00007ff8022b0000 - 0x00007ff8025da000 	C:\WINDOWS\System32\CoreUIComponents.dll
0x00007ff806720000 - 0x00007ff806751000 	C:\WINDOWS\SYSTEM32\ntmarta.dll
0x00007ffffaa10000 - 0x00007ffffacb7000 	C:\WINDOWS\System32\iertutil.dll
0x00007fff90f10000 - 0x00007fff93758000 	C:\WINDOWS\System32\DriverStore\FileRepository\nv_dispi.inf_amd64_b2dd7130a686a22f\nvoglv64.dll
0x00007ff809e70000 - 0x00007ff80a2e0000 	C:\WINDOWS\System32\SETUPAPI.dll
0x00007ff803b90000 - 0x00007ff803ba3000 	C:\WINDOWS\SYSTEM32\WTSAPI32.dll
0x00007ff808870000 - 0x00007ff8088cc000 	C:\WINDOWS\System32\WINTRUST.dll
0x00007ff807790000 - 0x00007ff8077a2000 	C:\WINDOWS\System32\MSASN1.dll
0x00007ff8077b0000 - 0x00007ff8078f9000 	C:\WINDOWS\System32\CRYPT32.dll
0x00007fffd0200000 - 0x00007fffd04ae000 	C:\WINDOWS\system32\nvspcap64.dll
0x00007ff805010000 - 0x00007ff80503d000 	C:\WINDOWS\SYSTEM32\dwmapi.dll
0x00007ff8049b0000 - 0x00007ff8049f3000 	C:\WINDOWS\SYSTEM32\icm32.dll
0x00007ff806970000 - 0x00007ff8069c6000 	C:\WINDOWS\SYSTEM32\WINSTA.dll
0x00007ff805e40000 - 0x00007ff806034000 	C:\WINDOWS\SYSTEM32\dbghelp.dll

VM Arguments:
jvm_args: -Dfile.encoding=windows-1250 -Duser.country=PL -Duser.language=pl -Duser.variant 
java_command: com.mygdx.gragdx.desktop.DesktopLauncher
java_class_path (initial): C:\Users\janst\Documents\libGDXproject\graGDX\desktop\build\classes\java\main;C:\Users\janst\Documents\libGDXproject\graGDX\desktop\build\resources\main;C:\Users\janst\.gradle\caches\modules-2\files-2.1\com.badlogicgames.gdx\gdx-tools\1.9.10\67524f012868e0cff57531b5bfda2781d00c6b1f\gdx-tools-1.9.10.jar;C:\Users\janst\.gradle\caches\modules-2\files-2.1\com.badlogicgames.gdx\gdx-backend-lwjgl\1.9.10\8f88abd43500d94c486d25f04d642318da72773a\gdx-backend-lwjgl-1.9.10.jar;C:\Users\janst\.gradle\caches\modules-2\files-2.1\com.badlogicgames.gdx\gdx-platform\1.9.10\1907b49f8363dd1ee37d273854a9cc3c741a6e66\gdx-platform-1.9.10-natives-desktop.jar;C:\Users\janst\.gradle\caches\modules-2\files-2.1\com.badlogicgames.gdx\gdx-box2d-platform\1.9.10\91b19c283b24eec646a18e0e7b940c829920df4f\gdx-box2d-platform-1.9.10-natives-desktop.jar;C:\Users\janst\.gradle\caches\modules-2\files-2.1\com.badlogicgames.gdx\gdx-freetype-platform\1.9.10\5c4b67db9c1d62383b718ce040c7cdb555d5b19f\gdx-freetype-platform-1.9.10-natives-desktop.jar;C:\Users\janst\Documents\libGDXproject\graGDX\core\build\libs\core-1.0.jar;C:\Users\janst\.gradle\caches\modules-2\files-2.1\com.badlogicgames.gdx\gdx-backend-headless\1.9.10\d357526e6bb3d36b01b4f833ab42588e5285d487\gdx-backend-headless-1.9.10.jar;C:\Users\janst\.gradle\caches\modules-2\files-2.1\com.badlogicgames.gdx\gdx-freetype\1.9.10\8853e4f08589a9feb4b851187909cfde8810e491\gdx-freetype-1.9.10.jar;C:\Users\janst\.gradle\caches\modules-2\files-2.1\com.badlogicgames.box2dlights\box2dlights\1.4\3d77ad5b4164fb32fc67e2446e35911bb0aaf0bd\box2dlights-1.4.jar;C:\Users\janst\.gradle\caches\modules-2\files-2.1\com.badlogicgames.gdx\gdx-box2d\1.9.10\d68a7a3484d47529a8d23cd467579eb098b38a9e\gdx-box2d-1.9.10.jar;C:\Users\janst\.gradle\caches\modules-2\files-2.1\com.badlogicgames.gdx\gdx\1.9.10\79d9ad27bd5e3eb18c9ade61d3a27d7237695d53\gdx-1.9.10.jar;C:\Users\janst\.gradle\caches\modules-2\files-2.1\org.lwjgl.lwjgl\lwjgl_util\2.9.3\751f06b62424da05
Launcher Type: SUN_STANDARD

Environment Variables:
PATH=C:\ProgramData\Oracle\Java\javapath;C:\Program Files (x86)\Common Files\Oracle\Java\javapath;C:\Program Files\NVIDIA Corporation\NVIDIA NvDLISR;C:\Users\janst\AppData\Local\Microsoft\WindowsApps;E:\Microsoft VS Code\bin;C:\Program Files\nodejs\;C:\Windows\system32;C:\Users\janst\AppData\Local\GitHubDesktop\bin;C:\Program Files\Java\jdk-14.0.1\bin;C:\Program Files\Java\jdk1.8.0_181\bin;
USERNAME=janst
OS=Windows_NT
PROCESSOR_IDENTIFIER=Intel64 Family 6 Model 158 Stepping 9, GenuineIntel



---------------  S Y S T E M  ---------------

OS: Windows 10.0 , 64 bit Build 18362 (10.0.18362.1110)

CPU:total 4 (initial active 4) (4 cores per cpu, 1 threads per core) family 6 model 158 stepping 9, cmov, cx8, fxsr, mmx, sse, sse2, sse3, ssse3, sse4.1, sse4.2, popcnt, avx, avx2, aes, clmul, erms, rtm, 3dnowpref, lzcnt, tsc, tscinvbit, bmi1, bmi2, adx

Memory: 4k page, physical 8327372k(907452k free), swap 21434572k(5766708k free)

vm_info: Java HotSpot(TM) 64-Bit Server VM (25.181-b13) for windows-amd64 JRE (1.8.0_181-b13), built on Jul  7 2018 04:01:33 by "java_re" with MS VC++ 10.0 (VS2010)

time: Mon Nov 02 18:57:44 2020
elapsed time: 851 seconds (0d 0h 14m 11s)

